2023-07-27 15:38:23:3823 [35mhttp[39m: [35mGET /health 200 34 - 1.997 ms[39m
[35m[39m
2023-07-27 15:38:23:3823 [35mhttp[39m: [35mGET /favicon.ico 404 150 - 1.481 ms[39m
[35m[39m
2023-07-27 15:39:43:3943 [35mhttp[39m: [35mGET /health 304 - - 0.680 ms[39m
[35m[39m
2023-08-04 14:35:46:3546 [35mhttp[39m: [35mGET /api/user/profile 200 78 - 2.807 ms[39m
[35m[39m
2023-08-04 14:35:49:3549 [35mhttp[39m: [35mGET /api/user/profile 200 78 - 0.736 ms[39m
[35m[39m
2023-08-05 09:35:00:350 [35mhttp[39m: [35mGET / 404 139 - 2.335 ms[39m
[35m[39m
2023-08-05 09:35:06:356 [35mhttp[39m: [35mGET /health 200 34 - 1.802 ms[39m
[35m[39m
2023-08-05 09:35:06:356 [35mhttp[39m: [35mGET /favicon.ico 404 150 - 0.725 ms[39m
[35m[39m
2023-08-07 20:31:40:3140 [35mhttp[39m: [35mGET /api/user/auth/google 500 1551 - 18.007 ms[39m
[35m[39m
2023-08-08 14:08:00:80 [35mhttp[39m: [35mGET /api/auth/google 404 154 - 1.825 ms[39m
[35m[39m
2023-08-08 14:08:12:812 [35mhttp[39m: [35mGET /api/auth/google 404 154 - 0.646 ms[39m
[35m[39m
2023-08-08 14:08:56:856 [35mhttp[39m: [35mGET /api/user/google 404 154 - 0.530 ms[39m
[35m[39m
2023-08-08 14:09:19:919 [35mhttp[39m: [35mGET /api/user/google 500 1551 - 4.574 ms[39m
[35m[39m
2023-08-08 14:10:15:1015 [35mhttp[39m: [35mGET /api/user/google 500 1551 - 6.383 ms[39m
[35m[39m
2023-08-08 14:12:32:1232 [35mhttp[39m: [35mGET /api/user/google 500 1551 - 4.594 ms[39m
[35m[39m
2023-08-08 14:16:20:1620 [35mhttp[39m: [35mGET /api/user/google 302 0 - 1.942 ms[39m
[35m[39m
2023-08-08 14:18:14:1814 [35mhttp[39m: [35mGET /api/user/google 302 0 - 1.899 ms[39m
[35m[39m
2023-08-08 14:18:43:1843 [35mhttp[39m: [35mGET /api/user/google 302 0 - 0.899 ms[39m
[35m[39m
2023-08-08 14:18:46:1846 [35mhttp[39m: [35mGET /api/user/google/callback?code=4%2F0Adeu5BUiHZLqrG90iY7NCUWrRhE0MFuSrxPMkEKjjMEHBqEyW3C7kOxL238PGvx4HIpVTQ&scope=email+profile+https%3A%2F%2Fwww.googleapis.com%2Fauth%2Fuserinfo.email+https%3A%2F%2Fwww.googleapis.com%2Fauth%2Fuserinfo.profile+openid&authuser=0&prompt=consent 200 586 - 748.042 ms[39m
[35m[39m
2023-08-08 14:18:46:1846 [35mhttp[39m: [35mGET /favicon.ico 404 150 - 1.073 ms[39m
[35m[39m
2023-08-08 14:51:39:5139 [35mhttp[39m: [35mGET /api/user/google 302 0 - 1.805 ms[39m
[35m[39m
2023-08-08 14:51:45:5145 [35mhttp[39m: [35mGET /api/user/google/callback?code=4%2F0Adeu5BUNjNfxGRq3BdODDGGegHkBW8jja2s-LBArPJs4M4ZOd0iVtVPd31fgKZPAp_Nzsg&scope=email+profile+https%3A%2F%2Fwww.googleapis.com%2Fauth%2Fuserinfo.email+https%3A%2F%2Fwww.googleapis.com%2Fauth%2Fuserinfo.profile+openid&authuser=1&prompt=consent 200 519 - 729.211 ms[39m
[35m[39m
2023-08-08 15:00:41:041 [35mhttp[39m: [35mGET /api/user/google 302 0 - 2.118 ms[39m
[35m[39m
2023-08-08 15:00:47:047 [35mhttp[39m: [35mGET /api/user/google/callback?code=4%2F0Adeu5BWwGOPdra3KDK4RbIM4W1cQX58uvQBOt0efYBGDh9l2EV2UUiiYuSBH-qN10gPmjQ&scope=email+profile+https%3A%2F%2Fwww.googleapis.com%2Fauth%2Fuserinfo.email+https%3A%2F%2Fwww.googleapis.com%2Fauth%2Fuserinfo.profile+openid&authuser=1&prompt=consent 200 519 - 861.865 ms[39m
[35m[39m
2023-08-08 15:01:41:141 [35mhttp[39m: [35mGET /api/user/google 302 0 - 1.190 ms[39m
[35m[39m
2023-08-08 15:01:44:144 [35mhttp[39m: [35mGET /api/user/google/callback?code=4%2F0Adeu5BUcrmL9BeaqZJ0eoxd0MOozZcf-Zi-7-PtrTIzFMqcaDS53UrqMY-ExoeopvzyrYQ&scope=email+profile+https%3A%2F%2Fwww.googleapis.com%2Fauth%2Fuserinfo.email+https%3A%2F%2Fwww.googleapis.com%2Fauth%2Fuserinfo.profile+openid&authuser=1&prompt=consent 200 526 - 1012.843 ms[39m
[35m[39m
2023-08-08 15:06:01:61 [35mhttp[39m: [35mGET /api/user/google 302 0 - 2.084 ms[39m
[35m[39m
2023-08-08 15:06:05:65 [35mhttp[39m: [35mGET /api/user/google/callback?code=4%2F0Adeu5BXw1dG0-DkenI2mnEobqiSHUt11dO9p1vkeTbspCJI2TY9NfxMJKzdD5V33AQ2CJQ&scope=email+profile+https%3A%2F%2Fwww.googleapis.com%2Fauth%2Fuserinfo.email+https%3A%2F%2Fwww.googleapis.com%2Fauth%2Fuserinfo.profile+openid&authuser=1&prompt=consent 200 526 - 717.781 ms[39m
[35m[39m
2023-08-08 15:10:35:1035 [35mhttp[39m: [35mGET /api/user/google 302 0 - 2.643 ms[39m
[35m[39m
2023-08-08 15:10:38:1038 [35mhttp[39m: [35mGET /api/user/google/callback?code=4%2F0Adeu5BXzB_H3R9Dl30fCpS9UY8ToiP9cSi2jl_Fr5DRXFniIb7qdQeJU8PEsTfccKO2kIg&scope=email+profile+https%3A%2F%2Fwww.googleapis.com%2Fauth%2Fuserinfo.email+https%3A%2F%2Fwww.googleapis.com%2Fauth%2Fuserinfo.profile+openid&authuser=1&prompt=consent 200 526 - 704.831 ms[39m
[35m[39m
2023-08-08 15:11:37:1137 [35mhttp[39m: [35mGET /api/user/google 302 0 - 2.115 ms[39m
[35m[39m
2023-08-08 15:11:40:1140 [35mhttp[39m: [35mGET /api/user/google/callback?code=4%2F0Adeu5BUyVp70rtaudpiWmMaCux-EP4fouYbP0aaWJzoKylTUsS85XFkYAe2SrfwXnjG8YQ&scope=email+profile+https%3A%2F%2Fwww.googleapis.com%2Fauth%2Fuserinfo.email+https%3A%2F%2Fwww.googleapis.com%2Fauth%2Fuserinfo.profile+openid&authuser=1&prompt=consent 200 526 - 893.894 ms[39m
[35m[39m
2023-08-08 15:24:57:2457 [35mhttp[39m: [35mGET /api/user/google 302 0 - 2.480 ms[39m
[35m[39m
2023-08-08 15:25:01:251 [35mhttp[39m: [35mGET /api/user/google/callback?code=4%2F0Adeu5BV_3STSwUCPNzX8vnIhxWzxG7nYcyQfKwPRP54nh5SNlsD5ABV-PjuLksb2Q3izJw&scope=email+profile+https%3A%2F%2Fwww.googleapis.com%2Fauth%2Fuserinfo.email+https%3A%2F%2Fwww.googleapis.com%2Fauth%2Fuserinfo.profile+openid&authuser=0&prompt=consent 500 530 - 709.670 ms[39m
[35m[39m
2023-08-08 15:30:50:3050 [35mhttp[39m: [35mGET /api/user/google 302 0 - 2.471 ms[39m
[35m[39m
2023-08-08 15:30:54:3054 [35mhttp[39m: [35mGET /api/user/google/callback?code=4%2F0Adeu5BXN2A2vIrKF9b45cExThH80cmNU292Ekvto4OGX1SgTifzNfHFYZ4hG0OJifyiiZA&scope=email+profile+https%3A%2F%2Fwww.googleapis.com%2Fauth%2Fuserinfo.email+https%3A%2F%2Fwww.googleapis.com%2Fauth%2Fuserinfo.profile+openid&authuser=0&prompt=consent 500 530 - 704.064 ms[39m
[35m[39m
2023-08-08 15:31:13:3113 [35mhttp[39m: [35mGET /api/user/google 302 0 - 1.988 ms[39m
[35m[39m
2023-08-08 15:31:17:3117 [35mhttp[39m: [35mGET /api/user/google/callback?code=4%2F0Adeu5BWyDC6bs0S8Q6-0K04qbB3p__a9EtrYHWfG6EC0fuzGuKlYGSSOoKUms_ifITWjTw&scope=email+profile+https%3A%2F%2Fwww.googleapis.com%2Fauth%2Fuserinfo.email+https%3A%2F%2Fwww.googleapis.com%2Fauth%2Fuserinfo.profile+openid&authuser=0&prompt=consent 500 525 - 718.435 ms[39m
[35m[39m
2023-08-08 15:32:45:3245 [35mhttp[39m: [35mGET /api/user/google 302 0 - 2.370 ms[39m
[35m[39m
2023-08-08 15:33:03:333 [35mhttp[39m: [35mGET /api/user/google/callback?code=4%2F0Adeu5BUxZ80j4gN3h_8LwB5V-xUpRogBpFARgcYt93kim6ohckDHlxfu3mw-87GfHEwUvQ&scope=email+profile+https%3A%2F%2Fwww.googleapis.com%2Fauth%2Fuserinfo.email+https%3A%2F%2Fwww.googleapis.com%2Fauth%2Fuserinfo.profile+openid&authuser=0&prompt=consent 200 586 - 844.429 ms[39m
[35m[39m
2023-08-08 15:33:58:3358 [35mhttp[39m: [35mGET /api/user/google 302 0 - 1.119 ms[39m
[35m[39m
2023-08-08 15:34:02:342 [35mhttp[39m: [35mGET /api/user/google/callback?code=4%2F0Adeu5BUvJaucMRmfNN60NNJNmni1betnwy82ccID6tVAJ7knLrPDhDkUgWFDcLamcMVh8A&scope=email+profile+https%3A%2F%2Fwww.googleapis.com%2Fauth%2Fuserinfo.email+https%3A%2F%2Fwww.googleapis.com%2Fauth%2Fuserinfo.profile+openid&authuser=0&prompt=consent 200 594 - 906.315 ms[39m
[35m[39m
2023-08-08 15:40:40:4040 [35mhttp[39m: [35mGET /api/user/profile 200 307 - 333.429 ms[39m
[35m[39m
2023-08-08 15:40:43:4043 [35mhttp[39m: [35mGET /api/user/selectedUser/profile/643933a420ccb64a40e171a8 200 307 - 322.014 ms[39m
[35m[39m
2023-08-08 16:47:04:474 [35mhttp[39m: [35mGET /api 404 142 - 2.798 ms[39m
[35m[39m
2023-08-08 16:47:18:4718 [35mhttp[39m: [35mGET /api/user/google 302 0 - 1.823 ms[39m
[35m[39m
2023-08-08 16:57:41:5741 [35mhttp[39m: [35mGET /api/user/google 302 0 - 2.273 ms[39m
[35m[39m
2023-08-08 16:58:22:5822 [35mhttp[39m: [35mGET /api/user/google 302 0 - 2.849 ms[39m
[35m[39m
2023-08-08 16:58:27:5827 [35mhttp[39m: [35mGET /api/user/google 302 0 - 0.815 ms[39m
[35m[39m
2023-08-08 16:58:32:5832 [35mhttp[39m: [35mGET /api/user/google 302 0 - 0.259 ms[39m
[35m[39m
2023-08-08 16:58:58:5858 [35mhttp[39m: [35mGET /api/user/google 302 0 - 2.107 ms[39m
[35m[39m
2023-08-08 18:02:42:242 [35mhttp[39m: [35mGET /api/user/google 302 0 - 0.672 ms[39m
[35m[39m
2023-08-08 18:04:04:44 [35mhttp[39m: [35mGET /api/user/google 302 0 - 2.042 ms[39m
[35m[39m
2023-08-08 18:04:09:49 [35mhttp[39m: [35mGET /api/user/google 302 0 - 0.559 ms[39m
[35m[39m
2023-08-08 18:05:22:522 [35mhttp[39m: [35mGET /api/user/google 302 0 - 2.025 ms[39m
[35m[39m
2023-08-08 18:05:24:524 [35mhttp[39m: [35mGET /api/user/google 302 0 - 0.596 ms[39m
[35m[39m
2023-08-08 18:06:52:652 [35mhttp[39m: [35mGET /api/user/google 302 0 - 2.127 ms[39m
[35m[39m
2023-08-08 18:06:54:654 [35mhttp[39m: [35mGET /api/user/google 302 0 - 0.555 ms[39m
[35m[39m
2023-08-08 18:08:10:810 [35mhttp[39m: [35mGET /api/user/google 302 0 - 1.952 ms[39m
[35m[39m
2023-08-08 18:09:29:929 [35mhttp[39m: [35mGET /api/user/google 302 0 - 2.288 ms[39m
[35m[39m
2023-08-08 18:09:31:931 [35mhttp[39m: [35mGET /api/user/google 302 0 - 0.543 ms[39m
[35m[39m
2023-08-08 18:09:33:933 [35mhttp[39m: [35mGET /api/user/google 302 0 - 0.246 ms[39m
[35m[39m
2023-08-08 18:12:11:1211 [35mhttp[39m: [35mGET /api/user/google 302 0 - 2.453 ms[39m
[35m[39m
2023-08-08 18:39:16:3916 [35mhttp[39m: [35mGET /api/user/google 302 0 - 2.192 ms[39m
[35m[39m
2023-08-08 19:15:30:1530 [35mhttp[39m: [35mGET /api/user/test 200 16 - 135.393 ms[39m
[35m[39m
2023-08-08 19:15:57:1557 [35mhttp[39m: [35mGET /api/user/test 200 16 - 51.455 ms[39m
[35m[39m
2023-08-08 19:40:14:4014 [35mhttp[39m: [35mGET /api/user/test 200 5 - 59.212 ms[39m
[35m[39m
2023-08-08 19:43:43:4343 [35mhttp[39m: [35mGET /api/user/test 304 - - 49.530 ms[39m
[35m[39m
2023-08-08 19:45:25:4525 [35mhttp[39m: [35mGET /api/user/test 200 5 - 47.164 ms[39m
[35m[39m
2023-08-08 20:04:01:41 [35mhttp[39m: [35mGET /health 200 34 - 0.280 ms[39m
[35m[39m
2023-08-09 09:36:30:3630 [35mhttp[39m: [35mGET /api/user/test 200 5 - 48.626 ms[39m
[35m[39m
2023-08-09 16:23:21:2321 [35mhttp[39m: [35mGET /api/user/test 200 5 - 52.978 ms[39m
[35m[39m
2023-08-09 16:26:40:2640 [35mhttp[39m: [35mGET /health 200 34 - 1.895 ms[39m
[35m[39m
2023-08-09 16:26:50:2650 [35mhttp[39m: [35mGET /api/user/test 200 5 - 44.572 ms[39m
[35m[39m
2023-08-09 16:28:02:282 [35mhttp[39m: [35mGET /api/user/test 200 5 - 6.561 ms[39m
[35m[39m
2023-08-09 16:32:50:3250 [35mhttp[39m: [35mGET /api/user/test 200 5 - 50.079 ms[39m
[35m[39m
2023-08-09 16:32:53:3253 [35mhttp[39m: [35mGET /health 200 34 - 0.600 ms[39m
[35m[39m
2023-08-09 17:28:57:2857 [35mhttp[39m: [35mGET /api 404 142 - 2.206 ms[39m
[35m[39m
2023-08-09 18:36:46:3646 [35mhttp[39m: [35mGET /api/user/google 302 0 - 2.091 ms[39m
[35m[39m
2023-08-09 18:36:52:3652 [35mhttp[39m: [35mGET /api/user/test 200 5 - 47.519 ms[39m
[35m[39m
2023-08-09 18:36:57:3657 [35mhttp[39m: [35mGET /api/user/test%C5%9F 404 158 - 1.326 ms[39m
[35m[39m
2023-08-09 18:37:40:3740 [35mhttp[39m: [35mGET /api/user/test 200 5 - 43.223 ms[39m
[35m[39m
2023-08-09 18:45:17:4517 [35mhttp[39m: [35mGET /health 200 34 - 0.278 ms[39m
[35m[39m
2023-08-09 18:46:31:4631 [35mhttp[39m: [35mGET /health 200 34 - 0.285 ms[39m
[35m[39m
2023-08-09 18:55:00:550 [35mhttp[39m: [35mGET /health 200 34 - 0.190 ms[39m
[35m[39m
2023-08-09 18:55:04:554 [35mhttp[39m: [35mGET /health 200 34 - 0.216 ms[39m
[35m[39m
2023-08-09 18:55:05:555 [35mhttp[39m: [35mGET /health 200 34 - 0.217 ms[39m
[35m[39m
2023-08-09 19:24:06:246 [35mhttp[39m: [35mGET /api/user/google 302 0 - 1.999 ms[39m
[35m[39m
2023-08-09 19:24:09:249 [35mhttp[39m: [35mGET /api/user/test 200 5 - 59.854 ms[39m
[35m[39m
2023-08-09 19:24:10:2410 [35mhttp[39m: [35mGET /api/user/test 200 5 - 45.565 ms[39m
[35m[39m
2023-08-09 19:24:21:2421 [35mhttp[39m: [35mGET /api/user/test 200 5 - 50.287 ms[39m
[35m[39m
2023-08-09 19:37:56:3756 [35mhttp[39m: [35mGET /api/user/test 200 5 - 53.023 ms[39m
[35m[39m
2023-08-09 19:55:26:5526 [35mhttp[39m: [35mGET /api/user/test 200 5 - 48.724 ms[39m
[35m[39m
2023-08-09 20:08:31:831 [35mhttp[39m: [35mGET /api/user/test 200 5 - 65.040 ms[39m
[35m[39m
2023-08-09 20:08:34:834 [35mhttp[39m: [35mGET /health 200 36 - 0.436 ms[39m
[35m[39m
2023-08-09 20:15:18:1518 [35mhttp[39m: [35mGET /health 200 36 - 3.292 ms[39m
[35m[39m
2023-08-09 20:15:18:1518 [35mhttp[39m: [35mGET /favicon.ico 404 150 - 1.248 ms[39m
[35m[39m
2023-08-09 20:32:55:3255 [35mhttp[39m: [35mGET /health 200 36 - 0.432 ms[39m
[35m[39m
2023-08-09 20:32:56:3256 [35mhttp[39m: [35mGET /health 304 - - 0.304 ms[39m
[35m[39m
2023-08-09 20:32:57:3257 [35mhttp[39m: [35mGET /health 304 - - 0.227 ms[39m
[35m[39m
2023-08-09 20:32:57:3257 [35mhttp[39m: [35mGET /health 304 - - 0.403 ms[39m
[35m[39m
2023-08-09 20:32:58:3258 [35mhttp[39m: [35mGET /health 304 - - 0.233 ms[39m
[35m[39m
2023-08-09 20:32:59:3259 [35mhttp[39m: [35mGET /health 304 - - 0.208 ms[39m
[35m[39m
2023-08-09 20:32:59:3259 [35mhttp[39m: [35mGET /health 304 - - 0.421 ms[39m
[35m[39m
2023-08-09 20:33:00:330 [35mhttp[39m: [35mGET /health 304 - - 0.351 ms[39m
[35m[39m
2023-08-09 20:33:00:330 [35mhttp[39m: [35mGET /health 304 - - 0.430 ms[39m
[35m[39m
2023-08-09 20:33:01:331 [35mhttp[39m: [35mGET /health 304 - - 0.240 ms[39m
[35m[39m
2023-08-09 20:33:01:331 [35mhttp[39m: [35mGET /health 304 - - 0.235 ms[39m
[35m[39m
2023-08-09 20:33:02:332 [35mhttp[39m: [35mGET /health 304 - - 0.370 ms[39m
[35m[39m
2023-08-09 20:33:02:332 [35mhttp[39m: [35mGET /health 304 - - 0.216 ms[39m
[35m[39m
2023-08-09 20:33:02:332 [35mhttp[39m: [35mGET /health 304 - - 0.205 ms[39m
[35m[39m
2023-08-09 20:33:03:333 [35mhttp[39m: [35mGET /health 304 - - 0.215 ms[39m
[35m[39m
2023-08-09 20:33:03:333 [35mhttp[39m: [35mGET /health 304 - - 0.192 ms[39m
[35m[39m
2023-08-09 20:33:03:333 [35mhttp[39m: [35mGET /health 304 - - 0.225 ms[39m
[35m[39m
2023-08-09 20:33:45:3345 [35mhttp[39m: [35mGET /health 304 - - 0.366 ms[39m
[35m[39m
2023-08-09 20:34:04:344 [35mhttp[39m: [35mGET /health 304 - - 0.207 ms[39m
[35m[39m
2023-08-09 20:34:13:3413 [35mhttp[39m: [35mGET /health 304 - - 0.174 ms[39m
[35m[39m
2023-08-09 20:34:33:3433 [35mhttp[39m: [35mGET /health 304 - - 0.269 ms[39m
[35m[39m
2023-08-09 20:34:33:3433 [35mhttp[39m: [35mGET /health 304 - - 0.203 ms[39m
[35m[39m
2023-08-11 11:41:07:417 [35mhttp[39m: [35mGET /health 304 - - 1.898 ms[39m
[35m[39m
2023-08-11 11:41:31:4131 [35mhttp[39m: [35mGET /health 304 - - 0.564 ms[39m
[35m[39m
2023-08-11 11:46:06:466 [35mhttp[39m: [35mGET /health 304 - - 0.301 ms[39m
[35m[39m
2023-08-11 11:46:07:467 [35mhttp[39m: [35mGET /health 304 - - 0.265 ms[39m
[35m[39m
2023-08-11 11:50:54:5054 [35mhttp[39m: [35mGET /api/user/google 302 0 - 1.605 ms[39m
[35m[39m
2023-08-11 11:50:55:5055 [35mhttp[39m: [35mGET /api/user/google 302 0 - 0.700 ms[39m
[35m[39m
2023-08-11 11:50:56:5056 [35mhttp[39m: [35mGET /api/user/google 302 0 - 0.250 ms[39m
[35m[39m
2023-08-11 11:50:57:5057 [35mhttp[39m: [35mGET /api/user/google 302 0 - 0.295 ms[39m
[35m[39m
2023-08-11 11:51:39:5139 [35mhttp[39m: [35mGET /api/user/google 302 0 - 0.327 ms[39m
[35m[39m
2023-08-11 11:51:42:5142 [35mhttp[39m: [35mGET /api/user/google 302 0 - 0.249 ms[39m
[35m[39m
2023-08-11 11:51:48:5148 [35mhttp[39m: [35mGET /api/health 404 149 - 1.238 ms[39m
[35m[39m
2023-08-11 11:51:49:5149 [35mhttp[39m: [35mGET /api/health 404 149 - 0.395 ms[39m
[35m[39m
2023-08-11 11:51:50:5150 [35mhttp[39m: [35mGET /api/health 404 149 - 0.206 ms[39m
[35m[39m
2023-08-11 11:51:50:5150 [35mhttp[39m: [35mGET /api/health 404 149 - 0.244 ms[39m
[35m[39m
2023-08-11 11:52:07:527 [35mhttp[39m: [35mGET /api/health 404 149 - 0.199 ms[39m
[35m[39m
2023-08-11 11:52:08:528 [35mhttp[39m: [35mGET /api/health 404 149 - 0.225 ms[39m
[35m[39m
2023-08-11 11:52:08:528 [35mhttp[39m: [35mGET /api/health 404 149 - 0.222 ms[39m
[35m[39m
2023-08-11 11:52:09:529 [35mhttp[39m: [35mGET /api/health 404 149 - 0.242 ms[39m
[35m[39m
2023-08-11 11:52:09:529 [35mhttp[39m: [35mGET /api/health 404 149 - 0.372 ms[39m
[35m[39m
2023-08-11 11:52:10:5210 [35mhttp[39m: [35mGET /api/health 404 149 - 0.423 ms[39m
[35m[39m
2023-08-11 11:52:11:5211 [35mhttp[39m: [35mGET /api/health 404 149 - 0.228 ms[39m
[35m[39m
2023-08-11 11:52:18:5218 [35mhttp[39m: [35mGET /api/health 404 149 - 0.205 ms[39m
[35m[39m
2023-08-11 11:52:19:5219 [35mhttp[39m: [35mGET /api/health 404 149 - 0.234 ms[39m
[35m[39m
2023-08-11 11:52:20:5220 [35mhttp[39m: [35mGET /api/health 404 149 - 0.238 ms[39m
[35m[39m
2023-08-11 11:52:36:5236 [35mhttp[39m: [35mGET /api/health 404 149 - 0.193 ms[39m
[35m[39m
2023-08-11 11:53:15:5315 [35mhttp[39m: [35mGET /api/health 404 149 - 0.208 ms[39m
[35m[39m
2023-08-11 11:56:05:565 [35mhttp[39m: [35mGET /api/health 404 149 - 0.275 ms[39m
[35m[39m
2023-08-11 11:56:10:5610 [35mhttp[39m: [35mGET /api/health 404 149 - 0.338 ms[39m
[35m[39m
2023-08-11 11:56:11:5611 [35mhttp[39m: [35mGET /api/health 404 149 - 0.200 ms[39m
[35m[39m
2023-08-11 11:56:19:5619 [35mhttp[39m: [35mGET /api/health 404 149 - 0.176 ms[39m
[35m[39m
2023-08-11 11:56:55:5655 [35mhttp[39m: [35mGET /health 200 36 - 0.369 ms[39m
[35m[39m
2023-08-11 11:56:57:5657 [35mhttp[39m: [35mGET /health 304 - - 0.279 ms[39m
[35m[39m
2023-08-11 11:56:58:5658 [35mhttp[39m: [35mGET /health 304 - - 0.215 ms[39m
[35m[39m
2023-08-11 11:57:13:5713 [35mhttp[39m: [35mGET /health 304 - - 0.217 ms[39m
[35m[39m
2023-08-11 11:57:14:5714 [35mhttp[39m: [35mGET /health 304 - - 0.233 ms[39m
[35m[39m
2023-08-11 11:57:14:5714 [35mhttp[39m: [35mGET /health 304 - - 0.359 ms[39m
[35m[39m
2023-08-11 13:06:12:612 [35mhttp[39m: [35mGET /api/user/google 302 0 - 0.271 ms[39m
[35m[39m
2023-08-11 13:07:10:710 [35mhttp[39m: [35mGET /api/user/google 302 0 - 0.246 ms[39m
[35m[39m
2023-08-11 13:07:35:735 [35mhttp[39m: [35mGET /api/user/google 302 0 - 0.220 ms[39m
[35m[39m
2023-08-11 13:33:00:330 [35mhttp[39m: [35mGET /api/user/google 302 0 - 0.227 ms[39m
[35m[39m
2023-08-11 13:33:01:331 [35mhttp[39m: [35mGET /api/user/google 302 0 - 0.233 ms[39m
[35m[39m
2023-08-11 13:33:01:331 [35mhttp[39m: [35mGET /api/user/google 302 0 - 0.278 ms[39m
[35m[39m
2023-08-11 13:35:26:3526 [35mhttp[39m: [35mGET /api/user/google 302 0 - 2.146 ms[39m
[35m[39m
2023-08-11 14:09:13:913 [35mhttp[39m: [35mGET /api/user/google 302 0 - 0.572 ms[39m
[35m[39m
2023-08-11 14:13:19:1319 [35mhttp[39m: [35mGET /api/user/google 302 0 - 0.330 ms[39m
[35m[39m
2023-08-11 14:13:24:1324 [35mhttp[39m: [35mGET /api/user/google 302 0 - 0.426 ms[39m
[35m[39m
2023-08-11 14:13:39:1339 [35mhttp[39m: [35mGET /api/user/google 302 0 - 0.337 ms[39m
[35m[39m
2023-08-11 14:13:40:1340 [35mhttp[39m: [35mGET /api/user/google 302 0 - 0.279 ms[39m
[35m[39m
2023-08-11 14:13:40:1340 [35mhttp[39m: [35mGET /api/user/google 302 0 - 0.387 ms[39m
[35m[39m
2023-08-11 14:14:17:1417 [35mhttp[39m: [35mGET /api/user/google 302 0 - 0.237 ms[39m
[35m[39m
2023-08-11 14:14:18:1418 [35mhttp[39m: [35mGET /api/user/google 302 0 - 0.307 ms[39m
[35m[39m
2023-08-11 14:15:34:1534 [35mhttp[39m: [35mGET /api/user/google 302 0 - 0.247 ms[39m
[35m[39m
2023-08-11 14:15:35:1535 [35mhttp[39m: [35mGET /api/user/google 302 0 - 0.268 ms[39m
[35m[39m
2023-08-11 14:15:36:1536 [35mhttp[39m: [35mGET /api/user/google 302 0 - 0.253 ms[39m
[35m[39m
2023-08-11 14:22:35:2235 [35mhttp[39m: [35mGET /api/user/google/callback 302 0 - 0.293 ms[39m
[35m[39m
2023-08-11 14:23:08:238 [35mhttp[39m: [35mGET /api/user/test 200 5 - 68.268 ms[39m
[35m[39m
2023-08-11 14:23:11:2311 [35mhttp[39m: [35mGET /api/user/test 200 5 - 62.275 ms[39m
[35m[39m
2023-08-11 14:23:35:2335 [35mhttp[39m: [35mGET /health 200 36 - 0.394 ms[39m
[35m[39m
2023-08-11 14:23:38:2338 [35mhttp[39m: [35mGET /health 200 36 - 0.233 ms[39m
[35m[39m
2023-08-11 14:29:37:2937 [35mhttp[39m: [35mGET /api/health 404 149 - 1.772 ms[39m
[35m[39m
2023-08-11 14:29:38:2938 [35mhttp[39m: [35mGET /api/health 404 149 - 0.409 ms[39m
[35m[39m
2023-08-11 14:29:38:2938 [35mhttp[39m: [35mGET /api/health 404 149 - 0.223 ms[39m
[35m[39m
2023-08-11 14:29:39:2939 [35mhttp[39m: [35mGET /api/health 404 149 - 0.246 ms[39m
[35m[39m
2023-08-11 14:29:39:2939 [35mhttp[39m: [35mGET /api/health 404 149 - 0.317 ms[39m
[35m[39m
2023-08-11 14:29:39:2939 [35mhttp[39m: [35mGET /api/health 404 149 - 0.233 ms[39m
[35m[39m
2023-08-11 14:29:39:2939 [35mhttp[39m: [35mGET /api/health 404 149 - 0.222 ms[39m
[35m[39m
2023-08-11 14:29:39:2939 [35mhttp[39m: [35mGET /api/health 404 149 - 0.239 ms[39m
[35m[39m
2023-08-11 14:29:40:2940 [35mhttp[39m: [35mGET /api/health 404 149 - 0.306 ms[39m
[35m[39m
2023-08-11 14:29:56:2956 [35mhttp[39m: [35mGET /api/health 404 149 - 0.235 ms[39m
[35m[39m
2023-08-11 14:29:57:2957 [35mhttp[39m: [35mGET /api/health 404 149 - 0.228 ms[39m
[35m[39m
2023-08-11 14:29:57:2957 [35mhttp[39m: [35mGET /api/health 404 149 - 0.215 ms[39m
[35m[39m
2023-08-11 14:29:57:2957 [35mhttp[39m: [35mGET /api/health 404 149 - 0.246 ms[39m
[35m[39m
2023-08-11 14:29:57:2957 [35mhttp[39m: [35mGET /api/health 404 149 - 0.253 ms[39m
[35m[39m
2023-08-11 14:29:57:2957 [35mhttp[39m: [35mGET /api/health 404 149 - 0.323 ms[39m
[35m[39m
2023-08-11 14:30:35:3035 [35mhttp[39m: [35mGET /api/health 404 149 - 0.206 ms[39m
[35m[39m
2023-08-11 14:30:36:3036 [35mhttp[39m: [35mGET /api/health 404 149 - 0.214 ms[39m
[35m[39m
2023-08-11 14:30:36:3036 [35mhttp[39m: [35mGET /api/health 404 149 - 0.169 ms[39m
[35m[39m
2023-08-11 14:30:36:3036 [35mhttp[39m: [35mGET /api/health 404 149 - 0.225 ms[39m
[35m[39m
2023-08-11 14:30:36:3036 [35mhttp[39m: [35mGET /api/health 404 149 - 0.223 ms[39m
[35m[39m
2023-08-11 14:30:37:3037 [35mhttp[39m: [35mGET /api/health 404 149 - 0.198 ms[39m
[35m[39m
2023-08-11 14:30:37:3037 [35mhttp[39m: [35mGET /api/health 404 149 - 0.171 ms[39m
[35m[39m
2023-08-11 14:30:39:3039 [35mhttp[39m: [35mGET /api/health 404 149 - 0.202 ms[39m
[35m[39m
2023-08-11 14:30:39:3039 [35mhttp[39m: [35mGET /api/health 404 149 - 0.232 ms[39m
[35m[39m
2023-08-11 14:30:39:3039 [35mhttp[39m: [35mGET /api/health 404 149 - 0.201 ms[39m
[35m[39m
2023-08-11 14:30:39:3039 [35mhttp[39m: [35mGET /api/health 404 149 - 0.272 ms[39m
[35m[39m
2023-08-11 14:30:39:3039 [35mhttp[39m: [35mGET /api/health 404 149 - 0.249 ms[39m
[35m[39m
2023-08-11 14:30:54:3054 [35mhttp[39m: [35mGET /api/health 404 149 - 0.196 ms[39m
[35m[39m
2023-08-11 14:30:54:3054 [35mhttp[39m: [35mGET /api/health 404 149 - 0.183 ms[39m
[35m[39m
2023-08-11 14:30:54:3054 [35mhttp[39m: [35mGET /api/health 404 149 - 0.210 ms[39m
[35m[39m
2023-08-11 14:31:02:312 [35mhttp[39m: [35mGET /api/health 404 149 - 0.200 ms[39m
[35m[39m
2023-08-11 14:31:45:3145 [35mhttp[39m: [35mGET /health 304 - - 0.330 ms[39m
[35m[39m
2023-08-11 14:31:45:3145 [35mhttp[39m: [35mGET /health 304 - - 0.263 ms[39m
[35m[39m
2023-08-11 14:33:24:3324 [35mhttp[39m: [35mGET /health 304 - - 0.254 ms[39m
[35m[39m
2023-08-11 14:33:24:3324 [35mhttp[39m: [35mGET /health 304 - - 0.254 ms[39m
[35m[39m
2023-08-11 14:33:24:3324 [35mhttp[39m: [35mGET /health 304 - - 0.223 ms[39m
[35m[39m
2023-08-11 14:33:35:3335 [35mhttp[39m: [35mGET /health 304 - - 0.401 ms[39m
[35m[39m
2023-08-11 14:33:35:3335 [35mhttp[39m: [35mGET /health 304 - - 0.260 ms[39m
[35m[39m
2023-08-11 14:33:36:3336 [35mhttp[39m: [35mGET /health 304 - - 0.203 ms[39m
[35m[39m
2023-08-11 14:33:36:3336 [35mhttp[39m: [35mGET /health 304 - - 0.386 ms[39m
[35m[39m
2023-08-11 14:33:36:3336 [35mhttp[39m: [35mGET /health 304 - - 0.252 ms[39m
[35m[39m
2023-08-11 14:33:36:3336 [35mhttp[39m: [35mGET /health 304 - - 0.241 ms[39m
[35m[39m
2023-08-11 14:33:36:3336 [35mhttp[39m: [35mGET /health 304 - - 0.232 ms[39m
[35m[39m
2023-08-11 14:33:51:3351 [35mhttp[39m: [35mGET /health 304 - - 0.218 ms[39m
[35m[39m
2023-08-11 14:33:52:3352 [35mhttp[39m: [35mGET /health 304 - - 0.227 ms[39m
[35m[39m
2023-08-11 14:33:52:3352 [35mhttp[39m: [35mGET /health 304 - - 0.201 ms[39m
[35m[39m
2023-08-11 14:33:52:3352 [35mhttp[39m: [35mGET /health 304 - - 0.239 ms[39m
[35m[39m
2023-08-11 14:38:56:3856 [35mhttp[39m: [35mGET /health 304 - - 0.251 ms[39m
[35m[39m
2023-08-11 14:38:57:3857 [35mhttp[39m: [35mGET /health 304 - - 0.206 ms[39m
[35m[39m
2023-08-11 14:38:57:3857 [35mhttp[39m: [35mGET /health 304 - - 0.217 ms[39m
[35m[39m
2023-08-11 14:39:05:395 [35mhttp[39m: [35mGET /health 304 - - 0.198 ms[39m
[35m[39m
2023-08-11 14:39:06:396 [35mhttp[39m: [35mGET /health 304 - - 0.226 ms[39m
[35m[39m
2023-08-11 14:39:07:397 [35mhttp[39m: [35mGET /health 304 - - 0.216 ms[39m
[35m[39m
2023-08-11 14:39:07:397 [35mhttp[39m: [35mGET /health 304 - - 0.208 ms[39m
[35m[39m
2023-08-11 14:39:07:397 [35mhttp[39m: [35mGET /health 304 - - 0.188 ms[39m
[35m[39m
2023-08-11 14:39:07:397 [35mhttp[39m: [35mGET /health 304 - - 0.226 ms[39m
[35m[39m
2023-08-11 14:39:07:397 [35mhttp[39m: [35mGET /health 304 - - 0.226 ms[39m
[35m[39m
2023-08-11 14:39:07:397 [35mhttp[39m: [35mGET /health 304 - - 0.228 ms[39m
[35m[39m
2023-08-11 14:39:20:3920 [35mhttp[39m: [35mGET /health 304 - - 0.180 ms[39m
[35m[39m
2023-08-11 14:39:30:3930 [35mhttp[39m: [35mGET /health 304 - - 0.282 ms[39m
[35m[39m
2023-08-11 14:39:31:3931 [35mhttp[39m: [35mGET /health 304 - - 0.255 ms[39m
[35m[39m
2023-08-11 14:42:27:4227 [35mhttp[39m: [35mGET /health 304 - - 0.182 ms[39m
[35m[39m
2023-08-11 14:42:31:4231 [35mhttp[39m: [35mGET /health 304 - - 0.229 ms[39m
[35m[39m
2023-08-11 14:43:05:435 [35mhttp[39m: [35mGET /health 304 - - 0.286 ms[39m
[35m[39m
2023-08-11 14:43:06:436 [35mhttp[39m: [35mGET /health 304 - - 0.183 ms[39m
[35m[39m
2023-08-11 14:43:12:4312 [35mhttp[39m: [35mGET /health 304 - - 0.216 ms[39m
[35m[39m
2023-08-11 14:43:13:4313 [35mhttp[39m: [35mGET /health 304 - - 0.210 ms[39m
[35m[39m
2023-08-11 14:43:13:4313 [35mhttp[39m: [35mGET /health 304 - - 0.210 ms[39m
[35m[39m
2023-08-11 14:47:33:4733 [35mhttp[39m: [35mGET /health 304 - - 0.214 ms[39m
[35m[39m
2023-08-11 15:07:03:73 [35mhttp[39m: [35mGET /health 304 - - 0.186 ms[39m
[35m[39m
2023-08-11 15:07:04:74 [35mhttp[39m: [35mGET /health 304 - - 0.206 ms[39m
[35m[39m
2023-08-11 15:07:05:75 [35mhttp[39m: [35mGET /health 304 - - 0.188 ms[39m
[35m[39m
2023-08-11 15:07:06:76 [35mhttp[39m: [35mGET /health 304 - - 0.224 ms[39m
[35m[39m
2023-08-11 15:07:06:76 [35mhttp[39m: [35mGET /health 304 - - 0.192 ms[39m
[35m[39m
2023-08-11 15:07:07:77 [35mhttp[39m: [35mGET /health 304 - - 0.187 ms[39m
[35m[39m
2023-08-11 15:20:54:2054 [35mhttp[39m: [35mGET /health 304 - - 0.216 ms[39m
[35m[39m
2023-08-11 15:20:54:2054 [35mhttp[39m: [35mGET /health 304 - - 0.221 ms[39m
[35m[39m
2023-08-11 15:20:55:2055 [35mhttp[39m: [35mGET /health 304 - - 0.222 ms[39m
[35m[39m
2023-08-11 15:21:47:2147 [35mhttp[39m: [35mGET /health 304 - - 0.216 ms[39m
[35m[39m
2023-08-11 15:21:48:2148 [35mhttp[39m: [35mGET /health 304 - - 0.272 ms[39m
[35m[39m
2023-08-11 15:22:50:2250 [35mhttp[39m: [35mGET /health 304 - - 0.220 ms[39m
[35m[39m
2023-08-11 15:22:51:2251 [35mhttp[39m: [35mGET /health 304 - - 0.187 ms[39m
[35m[39m
2023-08-11 15:22:51:2251 [35mhttp[39m: [35mGET /health 304 - - 0.200 ms[39m
[35m[39m
2023-08-11 15:22:52:2252 [35mhttp[39m: [35mGET /health 304 - - 0.187 ms[39m
[35m[39m
2023-08-11 15:22:52:2252 [35mhttp[39m: [35mGET /health 304 - - 0.172 ms[39m
[35m[39m
2023-08-11 15:22:52:2252 [35mhttp[39m: [35mGET /health 304 - - 0.212 ms[39m
[35m[39m
2023-08-11 15:22:52:2252 [35mhttp[39m: [35mGET /health 304 - - 0.239 ms[39m
[35m[39m
2023-08-11 15:22:52:2252 [35mhttp[39m: [35mGET /health 304 - - 0.237 ms[39m
[35m[39m
2023-08-11 15:22:52:2252 [35mhttp[39m: [35mGET /health 304 - - 0.246 ms[39m
[35m[39m
2023-08-11 15:22:53:2253 [35mhttp[39m: [35mGET /health 304 - - 0.181 ms[39m
[35m[39m
2023-08-11 15:22:53:2253 [35mhttp[39m: [35mGET /health 304 - - 0.218 ms[39m
[35m[39m
2023-08-11 15:24:34:2434 [35mhttp[39m: [35mGET /health 304 - - 0.219 ms[39m
[35m[39m
2023-08-11 15:24:35:2435 [35mhttp[39m: [35mGET /health 304 - - 0.218 ms[39m
[35m[39m
2023-08-11 15:24:35:2435 [35mhttp[39m: [35mGET /health 304 - - 0.245 ms[39m
[35m[39m
2023-08-11 15:24:35:2435 [35mhttp[39m: [35mGET /health 304 - - 0.262 ms[39m
[35m[39m
2023-08-11 15:27:03:273 [35mhttp[39m: [35mGET /health 304 - - 0.184 ms[39m
[35m[39m
2023-08-11 15:27:04:274 [35mhttp[39m: [35mGET /health 304 - - 0.222 ms[39m
[35m[39m
2023-08-11 15:27:04:274 [35mhttp[39m: [35mGET /health 304 - - 0.216 ms[39m
[35m[39m
2023-08-11 15:27:04:274 [35mhttp[39m: [35mGET /health 304 - - 0.243 ms[39m
[35m[39m
2023-08-11 15:27:05:275 [35mhttp[39m: [35mGET /health 304 - - 0.215 ms[39m
[35m[39m
2023-08-11 15:27:05:275 [35mhttp[39m: [35mGET /health 304 - - 0.211 ms[39m
[35m[39m
2023-08-11 15:27:05:275 [35mhttp[39m: [35mGET /health 304 - - 0.247 ms[39m
[35m[39m
2023-08-11 15:27:05:275 [35mhttp[39m: [35mGET /health 304 - - 0.247 ms[39m
[35m[39m
2023-08-11 15:27:05:275 [35mhttp[39m: [35mGET /health 304 - - 0.212 ms[39m
[35m[39m
2023-08-11 15:27:05:275 [35mhttp[39m: [35mGET /health 304 - - 0.200 ms[39m
[35m[39m
2023-08-11 15:27:06:276 [35mhttp[39m: [35mGET /health 304 - - 0.211 ms[39m
[35m[39m
2023-08-11 15:27:06:276 [35mhttp[39m: [35mGET /health 304 - - 0.265 ms[39m
[35m[39m
2023-08-11 15:27:06:276 [35mhttp[39m: [35mGET /health 304 - - 0.222 ms[39m
[35m[39m
2023-08-11 15:27:06:276 [35mhttp[39m: [35mGET /health 304 - - 0.201 ms[39m
[35m[39m
2023-08-11 15:27:45:2745 [35mhttp[39m: [35mGET /health 304 - - 0.206 ms[39m
[35m[39m
2023-08-11 15:33:45:3345 [35mhttp[39m: [35mGET /api/user/google 302 0 - 0.317 ms[39m
[35m[39m
2023-08-11 15:33:46:3346 [35mhttp[39m: [35mGET /api/user/google 302 0 - 0.225 ms[39m
[35m[39m
2023-08-11 15:33:47:3347 [35mhttp[39m: [35mGET /api/user/google 302 0 - 0.360 ms[39m
[35m[39m
2023-08-11 15:33:47:3347 [35mhttp[39m: [35mGET /api/user/google 302 0 - 0.265 ms[39m
[35m[39m
2023-08-11 15:33:47:3347 [35mhttp[39m: [35mGET /api/user/google 302 0 - 0.227 ms[39m
[35m[39m
2023-08-11 15:33:47:3347 [35mhttp[39m: [35mGET /api/user/google 302 0 - 0.271 ms[39m
[35m[39m
2023-08-11 15:33:47:3347 [35mhttp[39m: [35mGET /api/user/google 302 0 - 0.225 ms[39m
[35m[39m
2023-08-11 15:33:48:3348 [35mhttp[39m: [35mGET /api/user/google 302 0 - 0.217 ms[39m
[35m[39m
2023-08-11 15:34:30:3430 [35mhttp[39m: [35mGET /api/user/google 302 0 - 0.233 ms[39m
[35m[39m
2023-08-11 15:34:40:3440 [35mhttp[39m: [35mGET /api/user/google 302 0 - 0.361 ms[39m
[35m[39m
2023-08-11 15:35:01:351 [35mhttp[39m: [35mGET /api/user/google 302 0 - 0.275 ms[39m
[35m[39m
2023-08-11 15:40:16:4016 [35mhttp[39m: [35mGET /api/user/google 302 0 - 0.252 ms[39m
[35m[39m
2023-08-11 15:40:17:4017 [35mhttp[39m: [35mGET /api/user/google 302 0 - 0.306 ms[39m
[35m[39m
2023-08-11 15:40:59:4059 [35mhttp[39m: [35mGET /api/user/google 302 0 - 0.284 ms[39m
[35m[39m
2023-08-11 15:41:00:410 [35mhttp[39m: [35mGET /api/user/google 302 0 - 0.208 ms[39m
[35m[39m
2023-08-11 15:41:00:410 [35mhttp[39m: [35mGET /api/user/google 302 0 - 0.206 ms[39m
[35m[39m
2023-08-11 15:41:01:411 [35mhttp[39m: [35mGET /api/user/google 302 0 - 0.209 ms[39m
[35m[39m
2023-08-11 15:41:02:412 [35mhttp[39m: [35mGET /api/user/google 302 0 - 0.259 ms[39m
[35m[39m
2023-08-11 15:41:02:412 [35mhttp[39m: [35mGET /api/user/google 302 0 - 0.280 ms[39m
[35m[39m
2023-08-11 15:41:03:413 [35mhttp[39m: [35mGET /api/user/google 302 0 - 0.184 ms[39m
[35m[39m
2023-08-11 15:41:23:4123 [35mhttp[39m: [35mGET /api/user/google 302 0 - 0.256 ms[39m
[35m[39m
2023-08-11 15:41:26:4126 [35mhttp[39m: [35mGET /api/user/google 302 0 - 0.216 ms[39m
[35m[39m
2023-08-11 15:41:37:4137 [35mhttp[39m: [35mGET /api/user/google 302 0 - 0.204 ms[39m
[35m[39m
2023-08-11 15:42:00:420 [35mhttp[39m: [35mGET /api/user/google 302 0 - 0.181 ms[39m
[35m[39m
2023-08-11 15:42:02:422 [35mhttp[39m: [35mGET /api/user/google 302 0 - 0.192 ms[39m
[35m[39m
2023-08-11 15:42:30:4230 [35mhttp[39m: [35mGET /api/user/google 302 0 - 0.196 ms[39m
[35m[39m
2023-08-11 15:48:53:4853 [35mhttp[39m: [35mGET /api/user/google 302 0 - 0.186 ms[39m
[35m[39m
2023-08-11 15:59:57:5957 [35mhttp[39m: [35mGET /api/user/google 302 0 - 0.176 ms[39m
[35m[39m
2023-08-11 16:01:19:119 [35mhttp[39m: [35mGET /api/user/google 302 0 - 0.183 ms[39m
[35m[39m
2023-08-11 16:10:04:104 [35mhttp[39m: [35mGET /api/user/google 302 0 - 0.227 ms[39m
[35m[39m
2023-08-11 16:11:49:1149 [35mhttp[39m: [35mGET /api/user/google 302 0 - 0.179 ms[39m
[35m[39m
2023-08-11 16:15:14:1514 [35mhttp[39m: [35mGET /api/user/google 302 0 - 0.262 ms[39m
[35m[39m
2023-08-11 16:15:21:1521 [35mhttp[39m: [35mGET /api/user/google 302 0 - 0.264 ms[39m
[35m[39m
2023-08-11 16:19:20:1920 [35mhttp[39m: [35mGET / 404 139 - 0.500 ms[39m
[35m[39m
2023-08-11 16:19:22:1922 [35mhttp[39m: [35mGET /api/user/google 302 0 - 0.200 ms[39m
[35m[39m
2023-08-11 16:22:16:2216 [35mhttp[39m: [35mGET /api/user/google 302 0 - 0.234 ms[39m
[35m[39m
2023-08-11 16:29:06:296 [35mhttp[39m: [35mGET /api/user/google/callback?code=4%2F0Adeu5BU16uJPyEj2zJfxbN1LvpWE_tmNPqZneoizJ8EUWgkfcLeocnKv2jqwMDToNYVFBQ&scope=email+profile+https%3A%2F%2Fwww.googleapis.com%2Fauth%2Fuserinfo.email+https%3A%2F%2Fwww.googleapis.com%2Fauth%2Fuserinfo.profile+openid&authuser=0&prompt=consent 200 595 - 1020.321 ms[39m
[35m[39m
2023-08-11 16:34:52:3452 [35mhttp[39m: [35mGET /api/user/google/callback?code=4%2F0Adeu5BU16uJPyEj2zJfxbN1LvpWE_tmNPqZneoizJ8EUWgkfcLeocnKv2jqwMDToNYVFBQ&scope=email+profile+https%3A%2F%2Fwww.googleapis.com%2Fauth%2Fuserinfo.email+https%3A%2F%2Fwww.googleapis.com%2Fauth%2Fuserinfo.profile+openid&authuser=0&prompt=consent 500 1274 - 269.269 ms[39m
[35m[39m
2023-08-12 17:54:05:545 [35mhttp[39m: [35mGET /health 200 36 - 2.076 ms[39m
[35m[39m
2023-08-12 17:54:09:549 [35mhttp[39m: [35mGET /api/user/google 302 0 - 1.448 ms[39m
[35m[39m
2023-08-12 17:54:25:5425 [35mhttp[39m: [35mGET /api/user/profile 200 307 - 495.698 ms[39m
[35m[39m
2023-08-12 18:08:25:825 [35mhttp[39m: [35mGET /api/user/profile 200 307 - 561.698 ms[39m
[35m[39m
2023-08-12 18:08:36:836 [35mhttp[39m: [35mGET /health 200 36 - 0.348 ms[39m
[35m[39m
2023-08-13 12:52:49:5249 [35mhttp[39m: [35mGET / 200 723 - 4.734 ms[39m
[35m[39m
2023-08-13 12:52:49:5249 [35mhttp[39m: [35mGET /habitune.png 404 151 - 1.302 ms[39m
[35m[39m
2023-08-13 12:52:49:5249 [35mhttp[39m: [35mGET /favicon.ico 404 150 - 0.650 ms[39m
[35m[39m
2023-08-13 12:53:00:530 [35mhttp[39m: [35mGET / 200 722 - 1.477 ms[39m
[35m[39m
2023-08-13 12:53:00:530 [35mhttp[39m: [35mGET /habitune.png 404 151 - 0.228 ms[39m
[35m[39m
2023-08-13 12:53:00:530 [35mhttp[39m: [35mGET / 304 - - 0.686 ms[39m
[35m[39m
2023-08-13 12:53:00:530 [35mhttp[39m: [35mGET /habitune.png 404 151 - 0.216 ms[39m
[35m[39m
2023-08-13 12:53:08:538 [35mhttp[39m: [35mGET / 200 722 - 0.763 ms[39m
[35m[39m
2023-08-13 12:53:08:538 [35mhttp[39m: [35mGET /habitune.png 404 151 - 0.309 ms[39m
[35m[39m
2023-08-13 12:57:50:5750 [35mhttp[39m: [35mGET / 200 712 - 0.961 ms[39m
[35m[39m
2023-08-13 12:57:50:5750 [35mhttp[39m: [35mGET /habitune.png 404 151 - 0.292 ms[39m
[35m[39m
2023-08-13 12:57:51:5751 [35mhttp[39m: [35mGET / 304 - - 0.547 ms[39m
[35m[39m
2023-08-13 12:57:51:5751 [35mhttp[39m: [35mGET /habitune.png 404 151 - 0.282 ms[39m
[35m[39m
2023-08-13 12:59:33:5933 [35mhttp[39m: [35mGET / 200 714 - 0.742 ms[39m
[35m[39m
2023-08-13 12:59:33:5933 [35mhttp[39m: [35mGET /habitune.png 404 151 - 0.529 ms[39m
[35m[39m
2023-08-13 12:59:33:5933 [35mhttp[39m: [35mGET / 304 - - 0.440 ms[39m
[35m[39m
2023-08-13 12:59:33:5933 [35mhttp[39m: [35mGET /habitune.png 404 151 - 0.446 ms[39m
[35m[39m
2023-08-13 12:59:33:5933 [35mhttp[39m: [35mGET / 304 - - 0.593 ms[39m
[35m[39m
2023-08-13 12:59:33:5933 [35mhttp[39m: [35mGET /habitune.png 404 151 - 0.256 ms[39m
[35m[39m
2023-08-13 12:59:33:5933 [35mhttp[39m: [35mGET / 304 - - 0.540 ms[39m
[35m[39m
2023-08-13 12:59:33:5933 [35mhttp[39m: [35mGET /habitune.png 404 151 - 0.278 ms[39m
[35m[39m
2023-08-13 12:59:33:5933 [35mhttp[39m: [35mGET / 304 - - 0.482 ms[39m
[35m[39m
2023-08-13 12:59:33:5933 [35mhttp[39m: [35mGET /habitune.png 404 151 - 0.360 ms[39m
[35m[39m
2023-08-13 13:02:20:220 [35mhttp[39m: [35mGET / 304 - - 4.470 ms[39m
[35m[39m
2023-08-13 13:02:20:220 [35mhttp[39m: [35mGET /habitune.png 404 151 - 1.564 ms[39m
[35m[39m
2023-08-13 13:02:21:221 [35mhttp[39m: [35mGET / 304 - - 0.937 ms[39m
[35m[39m
2023-08-13 13:02:21:221 [35mhttp[39m: [35mGET /habitune.png 404 151 - 0.664 ms[39m
[35m[39m
2023-08-13 13:02:21:221 [35mhttp[39m: [35mGET / 304 - - 0.569 ms[39m
[35m[39m
2023-08-13 13:02:21:221 [35mhttp[39m: [35mGET /habitune.png 404 151 - 0.461 ms[39m
[35m[39m
2023-08-13 13:02:21:221 [35mhttp[39m: [35mGET / 304 - - 0.579 ms[39m
[35m[39m
2023-08-13 13:02:21:221 [35mhttp[39m: [35mGET /habitune.png 404 151 - 0.455 ms[39m
[35m[39m
2023-08-13 13:02:38:238 [35mhttp[39m: [35mGET / 200 729 - 1.812 ms[39m
[35m[39m
2023-08-13 13:02:38:238 [35mhttp[39m: [35mGET /public/images/habitune.png 404 165 - 0.608 ms[39m
[35m[39m
2023-08-13 13:02:39:239 [35mhttp[39m: [35mGET / 304 - - 0.592 ms[39m
[35m[39m
2023-08-13 13:02:39:239 [35mhttp[39m: [35mGET /public/images/habitune.png 404 165 - 0.764 ms[39m
[35m[39m
2023-08-13 13:02:39:239 [35mhttp[39m: [35mGET / 304 - - 0.686 ms[39m
[35m[39m
2023-08-13 13:02:39:239 [35mhttp[39m: [35mGET /public/images/habitune.png 404 165 - 0.653 ms[39m
[35m[39m
2023-08-13 13:02:39:239 [35mhttp[39m: [35mGET / 304 - - 0.661 ms[39m
[35m[39m
2023-08-13 13:02:39:239 [35mhttp[39m: [35mGET /public/images/habitune.png 404 165 - 1.471 ms[39m
[35m[39m
2023-08-13 13:02:54:254 [35mhttp[39m: [35mGET / 304 - - 0.960 ms[39m
[35m[39m
2023-08-13 13:02:54:254 [35mhttp[39m: [35mGET /public/images/habitune.png 404 165 - 0.475 ms[39m
[35m[39m
2023-08-13 13:02:54:254 [35mhttp[39m: [35mGET / 304 - - 0.865 ms[39m
[35m[39m
2023-08-13 13:02:54:254 [35mhttp[39m: [35mGET /public/images/habitune.png 404 165 - 0.481 ms[39m
[35m[39m
2023-08-13 13:02:54:254 [35mhttp[39m: [35mGET / 304 - - 0.691 ms[39m
[35m[39m
2023-08-13 13:02:54:254 [35mhttp[39m: [35mGET /public/images/habitune.png 404 165 - 0.450 ms[39m
[35m[39m
2023-08-13 13:03:09:39 [35mhttp[39m: [35mGET / 304 - - 0.722 ms[39m
[35m[39m
2023-08-13 13:03:09:39 [35mhttp[39m: [35mGET /public/images/habitune.png 404 165 - 0.518 ms[39m
[35m[39m
2023-08-13 13:03:09:39 [35mhttp[39m: [35mGET / 304 - - 0.647 ms[39m
[35m[39m
2023-08-13 13:03:09:39 [35mhttp[39m: [35mGET /public/images/habitune.png 404 165 - 0.499 ms[39m
[35m[39m
2023-08-13 13:03:09:39 [35mhttp[39m: [35mGET / 304 - - 0.585 ms[39m
[35m[39m
2023-08-13 13:03:09:39 [35mhttp[39m: [35mGET /public/images/habitune.png 404 165 - 0.603 ms[39m
[35m[39m
2023-08-13 13:03:09:39 [35mhttp[39m: [35mGET / 304 - - 0.629 ms[39m
[35m[39m
2023-08-13 13:03:09:39 [35mhttp[39m: [35mGET /public/images/habitune.png 404 165 - 0.464 ms[39m
[35m[39m
2023-08-13 13:04:25:425 [35mhttp[39m: [35mGET / 200 729 - 4.989 ms[39m
[35m[39m
2023-08-13 13:04:25:425 [35mhttp[39m: [35mGET /public/images/habitune.png 404 165 - 1.416 ms[39m
[35m[39m
2023-08-13 13:06:34:634 [35mhttp[39m: [35mGET / 200 729 - 3.862 ms[39m
[35m[39m
2023-08-13 13:06:35:635 [35mhttp[39m: [35mGET / 304 - - 0.848 ms[39m
[35m[39m
2023-08-13 13:06:36:636 [35mhttp[39m: [35mGET / 304 - - 0.637 ms[39m
[35m[39m
2023-08-13 13:06:36:636 [35mhttp[39m: [35mGET / 304 - - 0.627 ms[39m
[35m[39m
2023-08-13 13:06:47:647 [35mhttp[39m: [35mGET / 200 728 - 0.896 ms[39m
[35m[39m
2023-08-13 13:07:28:728 [35mhttp[39m: [35mGET / 200 742 - 1.303 ms[39m
[35m[39m
2023-08-13 13:07:29:729 [35mhttp[39m: [35mGET / 304 - - 0.446 ms[39m
[35m[39m
2023-08-13 13:07:43:743 [35mhttp[39m: [35mGET / 200 716 - 0.946 ms[39m
[35m[39m
2023-08-13 13:07:44:744 [35mhttp[39m: [35mGET / 304 - - 0.639 ms[39m
[35m[39m
2023-08-13 13:07:59:759 [35mhttp[39m: [35mGET / 200 743 - 1.799 ms[39m
[35m[39m
2023-08-13 13:08:16:816 [35mhttp[39m: [35mGET / 200 785 - 0.874 ms[39m
[35m[39m
2023-08-13 13:08:23:823 [35mhttp[39m: [35mGET / 200 635 - 0.786 ms[39m
[35m[39m
2023-08-13 13:08:44:844 [35mhttp[39m: [35mGET / 200 742 - 0.766 ms[39m
[35m[39m
2023-08-13 13:08:58:858 [35mhttp[39m: [35mGET / 200 742 - 0.843 ms[39m
[35m[39m
2023-08-13 13:10:14:1014 [35mhttp[39m: [35mGET / 200 849 - 0.677 ms[39m
[35m[39m
2023-08-13 13:10:21:1021 [35mhttp[39m: [35mGET / 200 850 - 0.631 ms[39m
[35m[39m
2023-08-13 13:10:26:1026 [35mhttp[39m: [35mGET / 200 781 - 0.700 ms[39m
[35m[39m
2023-08-13 13:10:42:1042 [35mhttp[39m: [35mGET / 200 592 - 0.781 ms[39m
[35m[39m
2023-08-13 13:11:31:1131 [35mhttp[39m: [35mGET / 200 572 - 0.616 ms[39m
[35m[39m
2023-08-13 13:11:37:1137 [35mhttp[39m: [35mGET / 200 545 - 0.623 ms[39m
[35m[39m
2023-08-13 13:11:53:1153 [35mhttp[39m: [35mGET / 200 543 - 0.613 ms[39m
[35m[39m
2023-08-13 13:12:03:123 [35mhttp[39m: [35mGET / 200 530 - 0.671 ms[39m
[35m[39m
2023-08-13 13:12:12:1212 [35mhttp[39m: [35mGET / 200 541 - 0.673 ms[39m
[35m[39m
2023-08-13 13:12:18:1218 [35mhttp[39m: [35mGET / 200 543 - 0.578 ms[39m
[35m[39m
2023-08-13 13:12:22:1222 [35mhttp[39m: [35mGET / 200 543 - 0.651 ms[39m
[35m[39m
2023-08-13 13:12:23:1223 [35mhttp[39m: [35mGET / 304 - - 0.917 ms[39m
[35m[39m
2023-08-13 13:12:44:1244 [35mhttp[39m: [35mGET / 200 566 - 0.701 ms[39m
[35m[39m
2023-08-13 13:12:50:1250 [35mhttp[39m: [35mGET / 200 566 - 1.097 ms[39m
[35m[39m
2023-08-13 13:13:00:130 [35mhttp[39m: [35mGET / 200 566 - 0.646 ms[39m
[35m[39m
2023-08-13 13:13:01:131 [35mhttp[39m: [35mGET / 304 - - 0.392 ms[39m
[35m[39m
2023-08-13 13:13:01:131 [35mhttp[39m: [35mGET / 304 - - 0.395 ms[39m
[35m[39m
2023-08-13 13:13:01:131 [35mhttp[39m: [35mGET / 304 - - 0.396 ms[39m
[35m[39m
2023-08-13 13:13:01:131 [35mhttp[39m: [35mGET / 304 - - 0.400 ms[39m
[35m[39m
2023-08-13 13:13:09:139 [35mhttp[39m: [35mGET / 200 565 - 0.646 ms[39m
[35m[39m
2023-08-13 13:13:14:1314 [35mhttp[39m: [35mGET / 200 575 - 0.591 ms[39m
[35m[39m
2023-08-13 13:16:41:1641 [35mhttp[39m: [35mGET / 200 576 - 0.698 ms[39m
[35m[39m
2023-08-13 13:16:42:1642 [35mhttp[39m: [35mGET / 304 - - 0.387 ms[39m
[35m[39m
2023-08-13 13:16:54:1654 [35mhttp[39m: [35mGET / 200 667 - 0.867 ms[39m
[35m[39m
2023-08-13 13:16:54:1654 [35mhttp[39m: [35mGET / 304 - - 0.501 ms[39m
[35m[39m
2023-08-13 13:17:15:1715 [35mhttp[39m: [35mGET / 200 569 - 0.638 ms[39m
[35m[39m
2023-08-13 13:17:15:1715 [35mhttp[39m: [35mGET / 304 - - 0.382 ms[39m
[35m[39m
2023-08-13 13:17:47:1747 [35mhttp[39m: [35mGET / 200 594 - 0.636 ms[39m
[35m[39m
2023-08-13 13:17:47:1747 [35mhttp[39m: [35mGET / 304 - - 0.390 ms[39m
[35m[39m
2023-08-13 13:17:47:1747 [35mhttp[39m: [35mGET / 304 - - 0.391 ms[39m
[35m[39m
2023-08-13 13:17:48:1748 [35mhttp[39m: [35mGET / 304 - - 0.459 ms[39m
[35m[39m
2023-08-13 13:17:51:1751 [35mhttp[39m: [35mGET / 200 594 - 0.673 ms[39m
[35m[39m
2023-08-13 13:17:51:1751 [35mhttp[39m: [35mGET / 304 - - 0.401 ms[39m
[35m[39m
2023-08-13 13:17:51:1751 [35mhttp[39m: [35mGET / 304 - - 0.370 ms[39m
[35m[39m
2023-08-13 13:18:26:1826 [35mhttp[39m: [35mGET / 200 732 - 0.589 ms[39m
[35m[39m
2023-08-13 13:18:26:1826 [35mhttp[39m: [35mGET / 304 - - 0.424 ms[39m
[35m[39m
2023-08-13 13:18:35:1835 [35mhttp[39m: [35mGET / 200 727 - 0.643 ms[39m
[35m[39m
2023-08-13 13:19:00:190 [35mhttp[39m: [35mGET / 200 577 - 0.623 ms[39m
[35m[39m
2023-08-13 13:19:00:190 [35mhttp[39m: [35mGET / 304 - - 0.392 ms[39m
[35m[39m
2023-08-13 13:19:01:191 [35mhttp[39m: [35mGET / 304 - - 0.378 ms[39m
[35m[39m
2023-08-13 13:19:01:191 [35mhttp[39m: [35mGET / 304 - - 0.373 ms[39m
[35m[39m
2023-08-13 13:19:18:1918 [35mhttp[39m: [35mGET / 200 609 - 0.656 ms[39m
[35m[39m
2023-08-13 13:20:01:201 [35mhttp[39m: [35mGET / 200 608 - 0.582 ms[39m
[35m[39m
2023-08-13 13:20:01:201 [35mhttp[39m: [35mGET / 304 - - 0.393 ms[39m
[35m[39m
2023-08-13 13:20:10:2010 [35mhttp[39m: [35mGET / 200 635 - 0.592 ms[39m
[35m[39m
2023-08-13 13:20:10:2010 [35mhttp[39m: [35mGET / 304 - - 0.392 ms[39m
[35m[39m
2023-08-13 13:20:14:2014 [35mhttp[39m: [35mGET / 200 614 - 0.583 ms[39m
[35m[39m
2023-08-13 13:20:15:2015 [35mhttp[39m: [35mGET / 304 - - 0.413 ms[39m
[35m[39m
2023-08-13 13:20:15:2015 [35mhttp[39m: [35mGET / 304 - - 0.445 ms[39m
[35m[39m
2023-08-13 13:20:59:2059 [35mhttp[39m: [35mGET / 304 - - 0.389 ms[39m
[35m[39m
2023-08-13 13:23:53:2353 [35mhttp[39m: [35mGET / 200 517 - 0.726 ms[39m
[35m[39m
2023-08-13 13:23:53:2353 [35mhttp[39m: [35mGET /public/images/habitune.png 404 165 - 1.319 ms[39m
[35m[39m
2023-08-13 13:24:00:240 [35mhttp[39m: [35mGET / 304 - - 0.396 ms[39m
[35m[39m
2023-08-13 13:24:00:240 [35mhttp[39m: [35mGET /public/images/habitune.png 404 165 - 0.504 ms[39m
[35m[39m
2023-08-13 13:24:01:241 [35mhttp[39m: [35mGET / 304 - - 0.460 ms[39m
[35m[39m
2023-08-13 13:24:01:241 [35mhttp[39m: [35mGET /public/images/habitune.png 404 165 - 0.202 ms[39m
[35m[39m
2023-08-13 13:24:01:241 [35mhttp[39m: [35mGET / 304 - - 0.377 ms[39m
[35m[39m
2023-08-13 13:24:01:241 [35mhttp[39m: [35mGET /public/images/habitune.png 404 165 - 0.304 ms[39m
[35m[39m
2023-08-13 13:24:01:241 [35mhttp[39m: [35mGET / 304 - - 0.988 ms[39m
[35m[39m
2023-08-13 13:24:01:241 [35mhttp[39m: [35mGET /public/images/habitune.png 404 165 - 0.363 ms[39m
[35m[39m
2023-08-13 13:24:01:241 [35mhttp[39m: [35mGET / 304 - - 0.367 ms[39m
[35m[39m
2023-08-13 13:24:01:241 [35mhttp[39m: [35mGET /public/images/habitune.png 404 165 - 0.263 ms[39m
[35m[39m
2023-08-13 13:24:01:241 [35mhttp[39m: [35mGET / 304 - - 0.412 ms[39m
[35m[39m
2023-08-13 13:24:01:241 [35mhttp[39m: [35mGET /public/images/habitune.png 404 165 - 0.368 ms[39m
[35m[39m
2023-08-13 13:24:34:2434 [35mhttp[39m: [35mGET / 200 517 - 0.640 ms[39m
[35m[39m
2023-08-13 13:50:13:5013 [35mhttp[39m: [35mGET / 304 - - 0.420 ms[39m
[35m[39m
2023-08-13 13:50:27:5027 [35mhttp[39m: [35mGET / 200 517 - 0.719 ms[39m
[35m[39m
2023-08-13 13:50:39:5039 [35mhttp[39m: [35mGET / 200 363 - 1.042 ms[39m
[35m[39m
2023-08-13 13:52:40:5240 [35mhttp[39m: [35mGET / 200 761 - 0.555 ms[39m
[35m[39m
2023-08-13 13:53:21:5321 [35mhttp[39m: [35mGET / 200 739 - 0.544 ms[39m
[35m[39m
2023-08-13 13:53:21:5321 [35mhttp[39m: [35mGET / 304 - - 0.427 ms[39m
[35m[39m
2023-08-13 13:53:39:5339 [35mhttp[39m: [35mGET / 200 739 - 0.596 ms[39m
[35m[39m
2023-08-13 13:53:49:5349 [35mhttp[39m: [35mGET / 200 744 - 0.619 ms[39m
[35m[39m
2023-08-13 13:54:19:5419 [35mhttp[39m: [35mGET / 200 739 - 0.575 ms[39m
[35m[39m
2023-08-13 13:55:10:5510 [35mhttp[39m: [35mGET / 200 739 - 0.681 ms[39m
[35m[39m
2023-08-17 14:45:04:454 [35mhttp[39m: [35mGET /api/user/google 302 0 - 7.061 ms[39m
[35m[39m
2023-08-17 14:47:52:4752 [35mhttp[39m: [35mGET /api/user/google 302 0 - 2.099 ms[39m
[35m[39m
2023-08-17 15:02:32:232 [35mhttp[39m: [35mGET /api/user/google 302 0 - 0.569 ms[39m
[35m[39m
2023-08-17 15:26:19:2619 [35mhttp[39m: [35mGET /api/user/google 302 0 - 0.488 ms[39m
[35m[39m
2023-08-17 15:32:59:3259 [35mhttp[39m: [35mGET /api/user/google/callback 302 0 - 0.309 ms[39m
[35m[39m
2023-08-17 15:33:38:3338 [35mhttp[39m: [35mGET /api/user/google/callback 302 0 - 2.128 ms[39m
[35m[39m
2023-08-17 15:33:43:3343 [35mhttp[39m: [35mGET /api/user/google/callback 302 0 - 0.526 ms[39m
[35m[39m
2023-08-17 15:33:56:3356 [35mhttp[39m: [35mGET /api/user/google/callback 302 0 - 1.896 ms[39m
[35m[39m
2023-08-17 15:34:32:3432 [35mhttp[39m: [35mGET /api/user/profile 200 307 - 363.757 ms[39m
[35m[39m
2023-08-17 15:34:48:3448 [31merror[39m: [31mCannot set headers after they are sent to the client[39m
2023-08-17 15:35:19:3519 [35mhttp[39m: [35mGET /api/user/profile 200 307 - 1189.680 ms[39m
[35m[39m
2023-08-17 15:35:35:3535 [35mhttp[39m: [35mGET /api/user/profile 200 42619 - 2504.250 ms[39m
[35m[39m
2023-08-17 16:14:21:1421 [35mhttp[39m: [35mGET /api/user/google 302 0 - 2.092 ms[39m
[35m[39m
2023-08-17 16:16:43:1643 [35mhttp[39m: [35mGET /api/user/google 302 0 - 1.939 ms[39m
[35m[39m
2023-08-17 16:19:08:198 [35mhttp[39m: [35mGET /api/user/google 302 0 - 0.709 ms[39m
[35m[39m
2023-08-17 16:19:28:1928 [35mhttp[39m: [35mGET /api/user/google 302 0 - 0.259 ms[39m
[35m[39m
2023-08-17 16:20:17:2017 [35mhttp[39m: [35mGET /api/user/google 302 0 - 0.275 ms[39m
[35m[39m
2023-08-17 16:21:27:2127 [35mhttp[39m: [35mGET /api/user/google 302 0 - 2.259 ms[39m
[35m[39m
2023-08-17 16:21:33:2133 [35mhttp[39m: [35mGET / 200 780 - 2.693 ms[39m
[35m[39m
2023-08-17 16:22:00:220 [35mhttp[39m: [35mGET /api/user/google 302 0 - 0.596 ms[39m
[35m[39m
2023-08-17 16:23:31:2331 [35mhttp[39m: [35mGET /api/user/google 302 0 - 1.960 ms[39m
[35m[39m
2023-08-17 16:24:16:2416 [35mhttp[39m: [35mGET /api/user/google 302 0 - 2.546 ms[39m
[35m[39m
2023-08-17 16:24:45:2445 [35mhttp[39m: [35mGET /api/user/google 302 0 - 2.116 ms[39m
[35m[39m
2023-08-17 17:59:18:5918 [35mhttp[39m: [35mGET /api/user/google 302 0 - 0.612 ms[39m
[35m[39m
2023-08-17 18:01:52:152 [35mhttp[39m: [35mGET /api/user/google 302 0 - 0.262 ms[39m
[35m[39m
2023-08-17 18:02:20:220 [35mhttp[39m: [35mGET /api/user/google 302 0 - 0.420 ms[39m
[35m[39m
2023-08-22 17:59:23:5923 [35mhttp[39m: [35mPOST /api/user/google 200 175 - 6.209 ms[39m
[35m[39m
2023-08-22 18:00:10:010 [35mhttp[39m: [35mPOST /api/user/google 200 175 - 6.879 ms[39m
[35m[39m
2023-08-22 18:00:15:015 [35mhttp[39m: [35mPOST /api/user/google 200 175 - 3.200 ms[39m
[35m[39m
2023-08-22 18:00:54:054 [35mhttp[39m: [35mPOST /api/user/google 200 522 - 4.888 ms[39m
[35m[39m
2023-08-22 18:08:54:854 [35mhttp[39m: [35mPOST /api/user/google 200 522 - 2.162 ms[39m
[35m[39m
2023-08-22 18:09:24:924 [35mhttp[39m: [35mPOST /api/user/google 200 522 - 2.443 ms[39m
[35m[39m
2023-08-22 18:09:58:958 [35mhttp[39m: [35mPOST /api/user/google 200 522 - 2.398 ms[39m
[35m[39m
2023-08-22 18:10:33:1033 [35mhttp[39m: [35mPOST /api/user/google 200 522 - 2.076 ms[39m
[35m[39m
2023-08-22 18:11:09:119 [35mhttp[39m: [35mPOST /api/user/google 200 522 - 1.840 ms[39m
[35m[39m
2023-08-22 18:12:12:1212 [35mhttp[39m: [35mPOST /api/user/google 200 522 - 2.276 ms[39m
[35m[39m
2023-08-22 18:49:19:4919 [35mhttp[39m: [35mPOST /api/user/google 200 522 - 2.381 ms[39m
[35m[39m
2023-08-22 18:49:30:4930 [35mhttp[39m: [35mPOST /api/user/google 200 522 - 1.806 ms[39m
[35m[39m
2023-08-22 18:49:38:4938 [35mhttp[39m: [35mPOST /api/user/google 200 522 - 1.900 ms[39m
[35m[39m
2023-08-22 18:49:42:4942 [35mhttp[39m: [35mPOST /api/user/google 200 522 - 1.535 ms[39m
[35m[39m
2023-08-22 18:50:04:504 [35mhttp[39m: [35mPOST /api/user/google 200 522 - 1.758 ms[39m
[35m[39m
2023-08-22 18:50:30:5030 [35mhttp[39m: [35mPOST /api/user/google 200 522 - 2.088 ms[39m
[35m[39m
2023-08-22 18:50:35:5035 [35mhttp[39m: [35mPOST /api/user/google 200 522 - 2.232 ms[39m
[35m[39m
2023-08-22 18:50:38:5038 [35mhttp[39m: [35mPOST /api/user/google 200 522 - 1.599 ms[39m
[35m[39m
2023-08-22 18:51:04:514 [35mhttp[39m: [35mPOST /api/user/google 200 522 - 1.637 ms[39m
[35m[39m
2023-08-22 18:51:09:519 [35mhttp[39m: [35mPOST /api/user/google 200 522 - 1.634 ms[39m
[35m[39m
2023-08-22 18:52:47:5247 [35mhttp[39m: [35mPOST /api/user/google 200 522 - 1.712 ms[39m
[35m[39m
2023-08-22 18:53:21:5321 [35mhttp[39m: [35mPOST /api/user/google 200 522 - 1.524 ms[39m
[35m[39m
2023-08-23 20:01:14:114 [35mhttp[39m: [35mGET /api/user/profile 200 4994 - 453.188 ms[39m
[35m[39m
2023-08-23 20:01:59:159 [35mhttp[39m: [35mGET /api/user/profile 200 5309 - 431.015 ms[39m
[35m[39m
2023-08-23 20:20:48:2048 [31merror[39m: [31mCannot read properties of undefined (reading '_id')[39m
2023-08-23 20:20:48:2048 [35mhttp[39m: [35mPOST /api/user/sendFriendshipRequest 500 61 - 752.785 ms[39m
[35m[39m
2023-08-23 20:21:51:2151 [31merror[39m: [31mCannot read properties of undefined (reading '_id')[39m
2023-08-23 20:21:51:2151 [35mhttp[39m: [35mPOST /api/user/sendFriendshipRequest 500 61 - 1599.557 ms[39m
[35m[39m
2023-08-23 20:21:53:2153 [31merror[39m: [31mCannot read properties of undefined (reading '_id')[39m
2023-08-23 20:21:53:2153 [35mhttp[39m: [35mPOST /api/user/sendFriendshipRequest 500 61 - 1261.478 ms[39m
[35m[39m
2023-08-23 20:22:40:2240 [31merror[39m: [31mCannot read properties of undefined (reading '_id')[39m
2023-08-23 20:22:40:2240 [35mhttp[39m: [35mPOST /api/user/sendFriendshipRequest 500 61 - 690.663 ms[39m
[35m[39m
2023-08-23 20:23:15:2315 [35mhttp[39m: [35mPOST /api/user/sendFriendshipRequest 200 51 - 2724.106 ms[39m
[35m[39m
2023-08-23 20:24:14:2414 [35mhttp[39m: [35mPOST /api/user/sendFriendshipRequest 200 51 - 566.798 ms[39m
[35m[39m
2023-08-23 20:24:31:2431 [35mhttp[39m: [35mPOST /api/user/sendFriendshipRequest 200 51 - 567.893 ms[39m
[35m[39m
2023-08-23 20:25:28:2528 [35mhttp[39m: [35mPOST /api/user/sendFriendshipRequest 200 51 - 564.135 ms[39m
[35m[39m
2023-08-23 20:26:11:2611 [35mhttp[39m: [35mPOST /api/user/sendFriendshipRequest 200 393 - 850.864 ms[39m
[35m[39m
2023-08-23 20:26:21:2621 [35mhttp[39m: [35mPOST /api/user/sendFriendshipRequest 200 479 - 830.633 ms[39m
[35m[39m
2023-08-23 20:26:24:2624 [35mhttp[39m: [35mPOST /api/user/sendFriendshipRequest 200 393 - 834.875 ms[39m
[35m[39m
2023-08-23 20:26:35:2635 [35mhttp[39m: [35mPOST /api/user/sendFriendshipRequest 200 479 - 836.860 ms[39m
[35m[39m
2023-08-23 20:27:26:2726 [35mhttp[39m: [35mPOST /api/user/sendFriendshipRequest 200 393 - 849.335 ms[39m
[35m[39m
2023-08-23 20:27:28:2728 [35mhttp[39m: [35mPOST /api/user/sendFriendshipRequest 200 479 - 832.284 ms[39m
[35m[39m
2023-08-23 20:27:47:2747 [35mhttp[39m: [35mPOST /api/user/sendFriendshipRequest 200 28 - 562.398 ms[39m
[35m[39m
2023-08-23 20:27:49:2749 [35mhttp[39m: [35mPOST /api/user/sendFriendshipRequest 200 28 - 551.010 ms[39m
[35m[39m
2023-08-23 20:27:53:2753 [35mhttp[39m: [35mPOST /api/user/sendFriendshipRequest 200 28 - 550.047 ms[39m
[35m[39m
2023-08-23 20:27:59:2759 [35mhttp[39m: [35mPOST /api/user/sendFriendshipRequest 200 28 - 548.657 ms[39m
[35m[39m
2023-08-24 13:46:02:462 [35mhttp[39m: [35mPOST /api/user/sendFriendshipRequest 200 28 - 424.236 ms[39m
[35m[39m
2023-08-24 13:46:49:4649 [35mhttp[39m: [35mPOST /api/user/sendFriendshipRequest 200 28 - 429.590 ms[39m
[35m[39m
2023-08-24 13:47:41:4741 [35mhttp[39m: [35mPOST /api/user/sendFriendshipRequest 200 28 - 566.033 ms[39m
[35m[39m
2023-08-24 13:48:09:489 [35mhttp[39m: [35mPOST /api/user/sendFriendshipRequest 200 28 - 565.473 ms[39m
[35m[39m
2023-08-24 13:48:43:4843 [35mhttp[39m: [35mPOST /api/user/sendFriendshipRequest 200 28 - 425.267 ms[39m
[35m[39m
2023-08-24 13:50:39:5039 [35mhttp[39m: [35mPOST /api/user/sendFriendshipRequest 200 28 - 566.606 ms[39m
[35m[39m
2023-08-24 13:51:38:5138 [35mhttp[39m: [35mPOST /api/user/sendFriendshipRequest 200 28 - 422.095 ms[39m
[35m[39m
2023-08-24 13:51:40:5140 [35mhttp[39m: [35mPOST /api/user/sendFriendshipRequest 200 28 - 1013.390 ms[39m
[35m[39m
2023-08-24 13:56:31:5631 [35mhttp[39m: [35mPOST /api/user/sendFriendshipRequest 200 28 - 1570.085 ms[39m
[35m[39m
2023-08-24 13:57:20:5720 [35mhttp[39m: [35mPOST /api/user/sendFriendshipRequest 200 393 - 1928.812 ms[39m
[35m[39m
2023-08-24 13:57:30:5730 [35mhttp[39m: [35mPOST /api/user/sendFriendshipRequest 200 307 - 694.267 ms[39m
[35m[39m
2023-08-24 13:57:33:5733 [35mhttp[39m: [35mPOST /api/user/sendFriendshipRequest 200 392 - 696.998 ms[39m
[35m[39m
2023-08-24 13:57:52:5752 [35mhttp[39m: [35mPOST /api/user/sendFriendshipRequest 200 307 - 2060.051 ms[39m
[35m[39m
2023-08-24 14:01:27:127 [35mhttp[39m: [35mPOST /api/user/sendFriendshipRequest 200 28 - 1155.286 ms[39m
[35m[39m
2023-08-24 17:35:16:3516 [35mhttp[39m: [35mGET /api/habit/all 200 4663 - 281.799 ms[39m
[35m[39m
2023-08-24 17:35:37:3537 [35mhttp[39m: [35mGET /api/habit/all 200 4663 - 296.302 ms[39m
[35m[39m
2023-08-24 17:37:00:370 [35mhttp[39m: [35mGET /api/habit/all 200 4663 - 593.205 ms[39m
[35m[39m
2023-08-24 17:40:25:4025 [35mhttp[39m: [35mGET /api/habit/single 200 4370 - 294.911 ms[39m
[35m[39m
2023-09-04 18:19:35:1935 [35mhttp[39m: [35mDELETE /api/habit/delete/6475e93dd2bed2ad2c62e565 404 183 - 2.101 ms[39m
[35m[39m
2023-09-04 18:19:37:1937 [35mhttp[39m: [35mDELETE /api/habit/delete/6475e93dd2bed2ad2c62e565 404 183 - 0.927 ms[39m
[35m[39m
2023-09-04 18:20:08:208 [35mhttp[39m: [35mDELETE /api/habit/delete/6475e93dd2bed2ad2c62e565 200 16 - 419.458 ms[39m
[35m[39m
2023-09-04 18:20:28:2028 [35mhttp[39m: [35mDELETE /api/habit/delete/6475e93dd2bed2ad2c62e565 200 16 - 400.781 ms[39m
[35m[39m
2023-09-04 19:41:49:4149 [35mhttp[39m: [35mPOST /api/habit/new 200 241 - 773.726 ms[39m
[35m[39m
2023-09-04 19:41:58:4158 [35mhttp[39m: [35mPOST /api/habit/new 200 242 - 722.331 ms[39m
[35m[39m
2023-09-04 20:03:06:36 [35mhttp[39m: [35mGET /api/habit/all 200 4741 - 282.291 ms[39m
[35m[39m
2023-09-05 14:40:36:4036 [35mhttp[39m: [35mGET /api/habit/all/today 200 2 - 2.342 ms[39m
[35m[39m
2023-09-05 14:40:38:4038 [35mhttp[39m: [35mGET /api/habit/all/today 200 2 - 0.590 ms[39m
[35m[39m
2023-09-05 14:40:42:4042 [35mhttp[39m: [35mGET /api/habit/all/today 200 4741 - 297.475 ms[39m
[35m[39m
2023-09-05 15:04:14:414 [35mhttp[39m: [35mGET /api/habit/all/today 200 4741 - 1026.346 ms[39m
[35m[39m
2023-09-05 15:06:06:66 [35mhttp[39m: [35mGET /api/habit/all/today 200 21 - 290.603 ms[39m
[35m[39m
2023-09-05 15:20:55:2055 [31merror[39m: [31mallHabitsItem.some is not a function[39m
2023-09-05 15:20:55:2055 [35mhttp[39m: [35mGET /api/habit/all/today 500 46 - 287.775 ms[39m
[35m[39m
2023-09-05 15:20:58:2058 [31merror[39m: [31mallHabitsItem.some is not a function[39m
2023-09-05 15:20:58:2058 [35mhttp[39m: [35mGET /api/habit/all/today 500 46 - 279.727 ms[39m
[35m[39m
2023-09-05 15:21:28:2128 [31merror[39m: [31mallHabitsItem.some is not a function[39m
2023-09-05 15:21:28:2128 [35mhttp[39m: [35mGET /api/habit/all/today 500 46 - 1545.893 ms[39m
[35m[39m
2023-09-05 15:21:30:2130 [31merror[39m: [31mallHabitsItem.some is not a function[39m
2023-09-05 15:21:30:2130 [35mhttp[39m: [35mGET /api/habit/all/today 500 46 - 273.030 ms[39m
[35m[39m
2023-09-05 15:21:44:2144 [35mhttp[39m: [35mGET /api/habit/all/today 200 21 - 2156.672 ms[39m
[35m[39m
2023-09-05 15:22:02:222 [35mhttp[39m: [35mGET /api/habit/all/today 200 21 - 303.689 ms[39m
[35m[39m
2023-09-05 15:22:15:2215 [35mhttp[39m: [35mGET /api/habit/all/today 200 21 - 302.947 ms[39m
[35m[39m
2023-09-05 15:22:46:2246 [35mhttp[39m: [35mGET /api/habit/all/today 200 21 - 294.432 ms[39m
[35m[39m
2023-09-05 15:22:48:2248 [35mhttp[39m: [35mGET /api/habit/all/today 200 21 - 279.554 ms[39m
[35m[39m
2023-09-05 15:23:16:2316 [35mhttp[39m: [35mGET /api/habit/all/today 200 21 - 285.779 ms[39m
[35m[39m
2023-09-05 15:23:18:2318 [35mhttp[39m: [35mGET /api/habit/all/today 200 21 - 271.033 ms[39m
[35m[39m
2023-09-05 15:25:05:255 [35mhttp[39m: [35mGET /api/habit/all/today 200 21 - 285.659 ms[39m
[35m[39m
2023-09-05 15:25:09:259 [35mhttp[39m: [35mGET /api/habit/all/today 200 21 - 273.156 ms[39m
[35m[39m
2023-09-05 15:25:24:2524 [35mhttp[39m: [35mGET /api/habit/all/today 200 21 - 295.993 ms[39m
[35m[39m
2023-09-05 15:25:25:2525 [35mhttp[39m: [35mGET /api/habit/all/today 200 21 - 267.517 ms[39m
[35m[39m
2023-09-05 15:32:13:3213 [35mhttp[39m: [35mGET /api/habit/all/today 200 21 - 2266.703 ms[39m
[35m[39m
2023-09-05 15:32:26:3226 [35mhttp[39m: [35mGET /api/habit/all/today 200 21 - 289.366 ms[39m
[35m[39m
2023-09-05 15:32:54:3254 [35mhttp[39m: [35mGET /api/habit/all/today 200 21 - 286.497 ms[39m
[35m[39m
2023-09-05 15:33:00:330 [35mhttp[39m: [35mGET /api/habit/all/today 200 21 - 272.561 ms[39m
[35m[39m
2023-09-05 15:33:12:3312 [31merror[39m: [31mCannot read properties of undefined (reading '0')[39m
2023-09-05 15:33:12:3312 [35mhttp[39m: [35mGET /api/habit/all/today 500 59 - 282.070 ms[39m
[35m[39m
2023-09-05 15:33:17:3317 [31merror[39m: [31mCannot read properties of undefined (reading '0')[39m
2023-09-05 15:33:17:3317 [35mhttp[39m: [35mGET /api/habit/all/today 500 59 - 269.324 ms[39m
[35m[39m
2023-09-05 15:33:28:3328 [35mhttp[39m: [35mGET /api/habit/all/today 200 21 - 289.606 ms[39m
[35m[39m
2023-09-05 15:33:30:3330 [35mhttp[39m: [35mGET /api/habit/all/today 200 21 - 275.131 ms[39m
[35m[39m
2023-09-05 15:34:27:3427 [31merror[39m: [31mCannot read properties of undefined (reading 'includes')[39m
2023-09-05 15:34:27:3427 [35mhttp[39m: [35mGET /api/habit/all/today 500 66 - 983.984 ms[39m
[35m[39m
2023-09-05 15:34:29:3429 [31merror[39m: [31mCannot read properties of undefined (reading 'includes')[39m
2023-09-05 15:34:29:3429 [35mhttp[39m: [35mGET /api/habit/all/today 500 66 - 268.645 ms[39m
[35m[39m
2023-09-05 15:36:42:3642 [35mhttp[39m: [35mGET /api/habit/all/today 200 21 - 319.783 ms[39m
[35m[39m
2023-09-05 15:36:56:3656 [35mhttp[39m: [35mGET /api/habit/all/today 200 21 - 448.440 ms[39m
[35m[39m
2023-09-05 15:37:28:3728 [35mhttp[39m: [35mGET /api/habit/all/today 200 21 - 418.982 ms[39m
[35m[39m
2023-09-05 15:37:44:3744 [35mhttp[39m: [35mGET /api/habit/all/today 200 21 - 417.962 ms[39m
[35m[39m
2023-09-05 15:41:53:4153 [31merror[39m: [31mCast to date failed for value "{ '$regex': 2023-09-05T00:00:00.000Z }" (type Object) at path "upcomingDates" for model "Habit"[39m
2023-09-05 15:41:53:4153 [35mhttp[39m: [35mGET /api/habit/all/today 500 136 - 1030.999 ms[39m
[35m[39m
2023-09-05 15:42:10:4210 [31merror[39m: [31mCast to date failed for value "{ '$regex': '2023-09-05' }" (type Object) at path "upcomingDates" for model "Habit"[39m
2023-09-05 15:42:10:4210 [35mhttp[39m: [35mGET /api/habit/all/today 500 124 - 292.645 ms[39m
[35m[39m
2023-09-05 15:43:51:4351 [35mhttp[39m: [35mGET /api/habit/all/today 200 21 - 423.913 ms[39m
[35m[39m
2023-09-05 15:48:10:4810 [35mhttp[39m: [35mGET /api/habit/all/today 200 21 - 440.017 ms[39m
[35m[39m
2023-09-05 15:50:28:5028 [31merror[39m: [31mExpression $in takes exactly 2 arguments. 1 were passed in.[39m
2023-09-05 15:50:28:5028 [35mhttp[39m: [35mGET /api/habit/all/today 500 69 - 283.448 ms[39m
[35m[39m
2023-09-05 15:50:52:5052 [35mhttp[39m: [35mGET /api/habit/all/today 200 10470 - 285.104 ms[39m
[35m[39m
2023-09-05 15:51:19:5119 [35mhttp[39m: [35mGET /api/habit/all 200 15210 - 273.047 ms[39m
[35m[39m
2023-09-17 23:02:44:244 [35mhttp[39m: [35mPOST /api/user/google 200 187 - 4.467 ms[39m
[35m[39m
2023-09-17 23:03:22:322 [35mhttp[39m: [35mPOST /api/user/google 200 187 - 3.885 ms[39m
[35m[39m
2023-09-17 23:03:24:324 [35mhttp[39m: [35mPOST /api/user/google 200 187 - 1.577 ms[39m
[35m[39m
2023-09-17 23:05:20:520 [35mhttp[39m: [35mPOST /api/user/google 200 187 - 2352.184 ms[39m
[35m[39m
2023-09-17 23:05:23:523 [35mhttp[39m: [35mPOST /api/user/google 200 187 - 172.820 ms[39m
[35m[39m
2023-09-17 23:05:31:531 [35mhttp[39m: [35mPOST /api/user/google 200 183 - 177.100 ms[39m
[35m[39m
2023-09-17 23:07:08:78 [31merror[39m: [31mExpected "payload" to be a plain object.[39m
2023-09-17 23:07:08:78 [35mhttp[39m: [35mPOST /api/user/google 500 50 - 180.347 ms[39m
[35m[39m
2023-09-17 23:07:29:729 [35mhttp[39m: [35mPOST /api/user/google 200 814 - 190.172 ms[39m
[35m[39m
2023-09-17 23:07:31:731 [35mhttp[39m: [35mPOST /api/user/google 200 814 - 164.897 ms[39m
[35m[39m
2023-09-17 23:07:44:744 [35mhttp[39m: [35mPOST /api/user/google 200 807 - 1292.402 ms[39m
[35m[39m
2023-09-17 23:07:45:745 [35mhttp[39m: [35mPOST /api/user/google 200 807 - 165.887 ms[39m
[35m[39m
2023-09-18 14:24:32:2432 [31merror[39m: [31mOperation `users.findOne()` buffering timed out after 10000ms[39m
2023-09-18 14:24:32:2432 [35mhttp[39m: [35mPOST /api/user/google 500 71 - 10026.779 ms[39m
[35m[39m
2023-09-18 14:24:47:2447 [31merror[39m: [31mOperation `users.findOne()` buffering timed out after 10000ms[39m
2023-09-18 14:24:47:2447 [35mhttp[39m: [35mPOST /api/user/google 500 71 - 10009.579 ms[39m
[35m[39m
2023-09-18 14:25:10:2510 [31merror[39m: [31mOperation `users.findOne()` buffering timed out after 10000ms[39m
2023-09-18 14:25:10:2510 [35mhttp[39m: [35mPOST /api/user/google 500 71 - 10014.323 ms[39m
[35m[39m
2023-09-18 14:26:29:2629 [31merror[39m: [31mOperation `users.findOne()` buffering timed out after 10000ms[39m
2023-09-18 14:26:29:2629 [35mhttp[39m: [35mPOST /api/user/google 500 71 - 10021.688 ms[39m
[35m[39m
2023-09-18 14:27:17:2717 [31merror[39m: [31mOperation `users.find()` buffering timed out after 10000ms[39m
2023-09-18 14:27:17:2717 [35mhttp[39m: [35mPOST /api/user/google 500 68 - 10020.853 ms[39m
[35m[39m
2023-09-18 14:28:14:2814 [31merror[39m: [31mOperation `users.find()` buffering timed out after 10000ms[39m
2023-09-18 14:28:14:2814 [35mhttp[39m: [35mPOST /api/user/google 500 68 - 10015.087 ms[39m
[35m[39m
2023-09-18 14:29:01:291 [31merror[39m: [31mOperation `users.find()` buffering timed out after 10000ms[39m
2023-09-18 14:29:01:291 [35mhttp[39m: [35mPOST /api/user/google 500 68 - 10019.391 ms[39m
[35m[39m
2023-09-18 14:29:38:2938 [31merror[39m: [31mOperation `users.find()` buffering timed out after 10000ms[39m
2023-09-18 14:29:38:2938 [35mhttp[39m: [35mPOST /api/user/google 500 68 - 10013.983 ms[39m
[35m[39m
2023-09-18 14:31:18:3118 [35mhttp[39m: [35mGET /api/user/profile 200 2 - 10017.143 ms[39m
[35m[39m
2023-09-18 14:31:39:3139 [35mhttp[39m: [35mGET /api/user/selectedUser/profile/643933a420ccb64a40e171a8 200 2 - 10013.297 ms[39m
[35m[39m
2023-09-18 14:31:44:3144 [35mhttp[39m: [35mGET /api/habit/all 200 2 - 10013.817 ms[39m
[35m[39m
2023-09-18 14:32:57:3257 [35mhttp[39m: [35mGET /api/habit/all 200 2 - 10003.177 ms[39m
[35m[39m
2023-09-18 15:04:00:40 [35mhttp[39m: [35mGET /api/habit/all 200 25926 - 326.802 ms[39m
[35m[39m
2023-09-18 15:07:53:753 [35mhttp[39m: [35mGET /api/habit/all 200 25926 - 315.448 ms[39m
[35m[39m
2023-09-18 15:08:22:822 [35mhttp[39m: [35mPOST /api/user/google 200 11 - 147.016 ms[39m
[35m[39m
2023-09-18 15:10:11:1011 [35mhttp[39m: [35mPOST /api/user/google 200 11 - 169.993 ms[39m
[35m[39m
2023-09-18 15:13:03:133 [35mhttp[39m: [35mPOST /api/user/google 200 11 - 150.738 ms[39m
[35m[39m
2023-09-18 15:50:51:5051 [31merror[39m: [31mExpected "payload" to be a plain object.[39m
2023-09-18 15:50:51:5051 [35mhttp[39m: [35mPOST /api/user/google 500 50 - 903.671 ms[39m
[35m[39m
2023-09-18 15:51:17:5117 [31merror[39m: [31mExpected "payload" to be a plain object.[39m
2023-09-18 15:51:17:5117 [35mhttp[39m: [35mPOST /api/user/google 500 50 - 3868.491 ms[39m
[35m[39m
2023-09-18 15:51:46:5146 [35mhttp[39m: [35mPOST /api/user/google 200 810 - 157.781 ms[39m
[35m[39m
2023-09-18 16:01:05:15 [35mhttp[39m: [35mPOST /api/user/google 200 810 - 195.248 ms[39m
[35m[39m
2023-09-18 16:03:22:322 [35mhttp[39m: [35mPOST /api/user/google 200 143 - 145.564 ms[39m
[35m[39m
2023-09-18 16:03:26:326 [35mhttp[39m: [35mPOST /api/user/google 200 810 - 153.262 ms[39m
[35m[39m
2023-09-18 16:07:13:713 [35mhttp[39m: [35mGET /api/user/profile 200 54 - 2.613 ms[39m
[35m[39m
2023-09-18 16:07:35:735 [31merror[39m: [31mCannot read properties of undefined (reading '_id')[39m
2023-09-18 16:07:35:735 [35mhttp[39m: [35mGET /api/user/profile 500 61 - 149.633 ms[39m
[35m[39m
2023-09-18 16:07:53:753 [31merror[39m: [31mCannot read properties of undefined (reading '_id')[39m
2023-09-18 16:07:53:753 [35mhttp[39m: [35mGET /api/user/profile 500 61 - 1214.810 ms[39m
[35m[39m
2023-09-18 16:09:36:936 [31merror[39m: [31mCannot read properties of undefined (reading '_id')[39m
2023-09-18 16:09:36:936 [35mhttp[39m: [35mGET /api/user/profile 500 61 - 1818.964 ms[39m
[35m[39m
2023-09-18 16:10:56:1056 [31merror[39m: [31mCannot read properties of undefined (reading '_id')[39m
2023-09-18 16:10:56:1056 [35mhttp[39m: [35mGET /api/user/profile 500 61 - 534.947 ms[39m
[35m[39m
2023-09-18 16:14:25:1425 [35mhttp[39m: [35mGET /api/user/profile 200 26241 - 2023.288 ms[39m
[35m[39m
2023-09-18 16:27:30:2730 [35mhttp[39m: [35mGET /api/user/profile 200 26241 - 1624.326 ms[39m
[35m[39m
2023-09-18 16:58:53:5853 [35mhttp[39m: [35mGET /api/user/profile 200 2 - 3.971 ms[39m
[35m[39m
2023-09-18 16:58:57:5857 [35mhttp[39m: [35mGET /api/user/profile 200 2 - 1.665 ms[39m
[35m[39m
2023-09-18 16:59:35:5935 [35mhttp[39m: [35mGET /api/user/profile 200 26241 - 481.813 ms[39m
[35m[39m
2023-09-18 17:18:55:1855 [35mhttp[39m: [35mGET /api/user/profile 200 26241 - 565.750 ms[39m
[35m[39m
2023-09-18 17:19:07:197 [35mhttp[39m: [35mPOST /api/user/google 200 810 - 150.201 ms[39m
[35m[39m
2023-09-18 17:23:58:2358 [35mhttp[39m: [35mPOST /api/user/google 200 810 - 160.954 ms[39m
[35m[39m
2023-09-18 17:24:23:2423 [35mhttp[39m: [35mPOST /api/user/google 200 810 - 146.198 ms[39m
[35m[39m
2023-09-18 17:25:01:251 [35mhttp[39m: [35mGET /api/user/profile 200 26241 - 452.267 ms[39m
[35m[39m
2023-09-18 17:28:11:2811 [31merror[39m: [31mCannot read properties of undefined (reading '_id')[39m
2023-09-18 17:28:11:2811 [35mhttp[39m: [35mGET /api/user/profile 500 61 - 153.900 ms[39m
[35m[39m
2023-09-18 17:28:50:2850 [31merror[39m: [31mCannot read properties of undefined (reading '_id')[39m
2023-09-18 17:28:50:2850 [35mhttp[39m: [35mGET /api/user/profile 500 61 - 1782.484 ms[39m
[35m[39m
2023-09-18 17:29:06:296 [35mhttp[39m: [35mGET /api/user/profile 200 26241 - 2416.409 ms[39m
[35m[39m
2023-09-18 17:29:19:2919 [35mhttp[39m: [35mPOST /api/user/google 200 810 - 166.666 ms[39m
[35m[39m
