2023-08-17 15:34:48:3448 [31merror[39m: [31mCannot set headers after they are sent to the client[39m
2023-08-23 20:20:48:2048 [31merror[39m: [31mCannot read properties of undefined (reading '_id')[39m
2023-08-23 20:21:51:2151 [31merror[39m: [31mCannot read properties of undefined (reading '_id')[39m
2023-08-23 20:21:53:2153 [31merror[39m: [31mCannot read properties of undefined (reading '_id')[39m
2023-08-23 20:22:40:2240 [31merror[39m: [31mCannot read properties of undefined (reading '_id')[39m
2023-09-05 15:20:55:2055 [31merror[39m: [31mallHabitsItem.some is not a function[39m
2023-09-05 15:20:58:2058 [31merror[39m: [31mallHabitsItem.some is not a function[39m
2023-09-05 15:21:28:2128 [31merror[39m: [31mallHabitsItem.some is not a function[39m
2023-09-05 15:21:30:2130 [31merror[39m: [31mallHabitsItem.some is not a function[39m
2023-09-05 15:33:12:3312 [31merror[39m: [31mCannot read properties of undefined (reading '0')[39m
2023-09-05 15:33:17:3317 [31merror[39m: [31mCannot read properties of undefined (reading '0')[39m
2023-09-05 15:34:27:3427 [31merror[39m: [31mCannot read properties of undefined (reading 'includes')[39m
2023-09-05 15:34:29:3429 [31merror[39m: [31mCannot read properties of undefined (reading 'includes')[39m
2023-09-05 15:41:53:4153 [31merror[39m: [31mCast to date failed for value "{ '$regex': 2023-09-05T00:00:00.000Z }" (type Object) at path "upcomingDates" for model "Habit"[39m
2023-09-05 15:42:10:4210 [31merror[39m: [31mCast to date failed for value "{ '$regex': '2023-09-05' }" (type Object) at path "upcomingDates" for model "Habit"[39m
2023-09-05 15:50:28:5028 [31merror[39m: [31mExpression $in takes exactly 2 arguments. 1 were passed in.[39m
2023-09-17 23:07:08:78 [31merror[39m: [31mExpected "payload" to be a plain object.[39m
2023-09-18 14:24:32:2432 [31merror[39m: [31mOperation `users.findOne()` buffering timed out after 10000ms[39m
2023-09-18 14:24:47:2447 [31merror[39m: [31mOperation `users.findOne()` buffering timed out after 10000ms[39m
2023-09-18 14:25:10:2510 [31merror[39m: [31mOperation `users.findOne()` buffering timed out after 10000ms[39m
2023-09-18 14:26:29:2629 [31merror[39m: [31mOperation `users.findOne()` buffering timed out after 10000ms[39m
2023-09-18 14:27:17:2717 [31merror[39m: [31mOperation `users.find()` buffering timed out after 10000ms[39m
2023-09-18 14:28:14:2814 [31merror[39m: [31mOperation `users.find()` buffering timed out after 10000ms[39m
2023-09-18 14:29:01:291 [31merror[39m: [31mOperation `users.find()` buffering timed out after 10000ms[39m
2023-09-18 14:29:38:2938 [31merror[39m: [31mOperation `users.find()` buffering timed out after 10000ms[39m
2023-09-18 15:50:51:5051 [31merror[39m: [31mExpected "payload" to be a plain object.[39m
2023-09-18 15:51:17:5117 [31merror[39m: [31mExpected "payload" to be a plain object.[39m
2023-09-18 16:07:35:735 [31merror[39m: [31mCannot read properties of undefined (reading '_id')[39m
2023-09-18 16:07:53:753 [31merror[39m: [31mCannot read properties of undefined (reading '_id')[39m
2023-09-18 16:09:36:936 [31merror[39m: [31mCannot read properties of undefined (reading '_id')[39m
2023-09-18 16:10:56:1056 [31merror[39m: [31mCannot read properties of undefined (reading '_id')[39m
2023-09-18 17:28:11:2811 [31merror[39m: [31mCannot read properties of undefined (reading '_id')[39m
2023-09-18 17:28:50:2850 [31merror[39m: [31mCannot read properties of undefined (reading '_id')[39m
